{"C:\\Users\\aksha\\OneDrive\\Desktop\\cis3500 project\\agile-github-projects-final-project\\server\\server.js": {"path":"C:\\Users\\aksha\\OneDrive\\Desktop\\cis3500 project\\agile-github-projects-final-project\\server\\server.js","statementMap":{"0":{"start":{"line":1,"column":16},"end":{"line":1,"column":34}},"1":{"start":{"line":2,"column":13},"end":{"line":2,"column":28}},"2":{"start":{"line":3,"column":17},"end":{"line":3,"column":50}},"3":{"start":{"line":5,"column":12},"end":{"line":5,"column":21}},"4":{"start":{"line":7,"column":18},"end":{"line":9,"column":1}},"5":{"start":{"line":11,"column":0},"end":{"line":11,"column":27}},"6":{"start":{"line":14,"column":0},"end":{"line":14,"column":24}},"7":{"start":{"line":17,"column":0},"end":{"line":17,"column":48}},"8":{"start":{"line":19,"column":11},"end":{"line":19,"column":34}},"9":{"start":{"line":20,"column":13},"end":{"line":20,"column":20}},"10":{"start":{"line":22,"column":0},"end":{"line":34,"column":5}},"11":{"start":{"line":28,"column":4},"end":{"line":28,"column":52}},"12":{"start":{"line":29,"column":4},"end":{"line":29,"column":14}},"13":{"start":{"line":32,"column":4},"end":{"line":32,"column":43}},"14":{"start":{"line":33,"column":4},"end":{"line":33,"column":19}},"15":{"start":{"line":37,"column":0},"end":{"line":39,"column":3}},"16":{"start":{"line":38,"column":2},"end":{"line":38,"column":34}},"17":{"start":{"line":42,"column":0},"end":{"line":42,"column":41}},"18":{"start":{"line":43,"column":0},"end":{"line":43,"column":41}},"19":{"start":{"line":46,"column":13},"end":{"line":46,"column":37}},"20":{"start":{"line":47,"column":0},"end":{"line":49,"column":3}},"21":{"start":{"line":48,"column":2},"end":{"line":48,"column":52}},"22":{"start":{"line":52,"column":2},"end":{"line":84,"column":5}},"23":{"start":{"line":53,"column":4},"end":{"line":83,"column":5}},"24":{"start":{"line":54,"column":6},"end":{"line":62,"column":9}},"25":{"start":{"line":57,"column":8},"end":{"line":59,"column":9}},"26":{"start":{"line":58,"column":10},"end":{"line":58,"column":36}},"27":{"start":{"line":61,"column":8},"end":{"line":61,"column":56}},"28":{"start":{"line":64,"column":6},"end":{"line":72,"column":9}},"29":{"start":{"line":67,"column":8},"end":{"line":69,"column":9}},"30":{"start":{"line":68,"column":10},"end":{"line":68,"column":36}},"31":{"start":{"line":71,"column":8},"end":{"line":71,"column":61}},"32":{"start":{"line":74,"column":6},"end":{"line":82,"column":9}},"33":{"start":{"line":77,"column":8},"end":{"line":79,"column":9}},"34":{"start":{"line":78,"column":10},"end":{"line":78,"column":36}},"35":{"start":{"line":81,"column":8},"end":{"line":81,"column":57}},"36":{"start":{"line":87,"column":0},"end":{"line":87,"column":21}}},"fnMap":{"0":{"name":"(anonymous_0)","decl":{"start":{"line":27,"column":8},"end":{"line":27,"column":9}},"loc":{"start":{"line":27,"column":14},"end":{"line":30,"column":3}},"line":27},"1":{"name":"(anonymous_1)","decl":{"start":{"line":31,"column":9},"end":{"line":31,"column":10}},"loc":{"start":{"line":31,"column":16},"end":{"line":34,"column":3}},"line":31},"2":{"name":"(anonymous_2)","decl":{"start":{"line":37,"column":13},"end":{"line":37,"column":14}},"loc":{"start":{"line":37,"column":27},"end":{"line":39,"column":1}},"line":37},"3":{"name":"(anonymous_3)","decl":{"start":{"line":47,"column":17},"end":{"line":47,"column":18}},"loc":{"start":{"line":47,"column":23},"end":{"line":49,"column":1}},"line":47},"4":{"name":"initial","decl":{"start":{"line":51,"column":9},"end":{"line":51,"column":16}},"loc":{"start":{"line":51,"column":19},"end":{"line":85,"column":1}},"line":51},"5":{"name":"(anonymous_5)","decl":{"start":{"line":52,"column":30},"end":{"line":52,"column":31}},"loc":{"start":{"line":52,"column":46},"end":{"line":84,"column":3}},"line":52},"6":{"name":"(anonymous_6)","decl":{"start":{"line":56,"column":14},"end":{"line":56,"column":15}},"loc":{"start":{"line":56,"column":21},"end":{"line":62,"column":7}},"line":56},"7":{"name":"(anonymous_7)","decl":{"start":{"line":66,"column":14},"end":{"line":66,"column":15}},"loc":{"start":{"line":66,"column":21},"end":{"line":72,"column":7}},"line":66},"8":{"name":"(anonymous_8)","decl":{"start":{"line":76,"column":14},"end":{"line":76,"column":15}},"loc":{"start":{"line":76,"column":21},"end":{"line":82,"column":7}},"line":76}},"branchMap":{"0":{"loc":{"start":{"line":46,"column":13},"end":{"line":46,"column":37}},"type":"binary-expr","locations":[{"start":{"line":46,"column":13},"end":{"line":46,"column":29}},{"start":{"line":46,"column":33},"end":{"line":46,"column":37}}],"line":46},"1":{"loc":{"start":{"line":53,"column":4},"end":{"line":83,"column":5}},"type":"if","locations":[{"start":{"line":53,"column":4},"end":{"line":83,"column":5}},{"start":{},"end":{}}],"line":53},"2":{"loc":{"start":{"line":53,"column":8},"end":{"line":53,"column":27}},"type":"binary-expr","locations":[{"start":{"line":53,"column":8},"end":{"line":53,"column":12}},{"start":{"line":53,"column":16},"end":{"line":53,"column":27}}],"line":53},"3":{"loc":{"start":{"line":57,"column":8},"end":{"line":59,"column":9}},"type":"if","locations":[{"start":{"line":57,"column":8},"end":{"line":59,"column":9}},{"start":{},"end":{}}],"line":57},"4":{"loc":{"start":{"line":67,"column":8},"end":{"line":69,"column":9}},"type":"if","locations":[{"start":{"line":67,"column":8},"end":{"line":69,"column":9}},{"start":{},"end":{}}],"line":67},"5":{"loc":{"start":{"line":77,"column":8},"end":{"line":79,"column":9}},"type":"if","locations":[{"start":{"line":77,"column":8},"end":{"line":79,"column":9}},{"start":{},"end":{}}],"line":77}},"s":{"0":1,"1":1,"2":1,"3":1,"4":1,"5":1,"6":1,"7":1,"8":1,"9":1,"10":1,"11":1,"12":1,"13":0,"14":0,"15":1,"16":1,"17":1,"18":1,"19":1,"20":1,"21":1,"22":1,"23":1,"24":0,"25":0,"26":0,"27":0,"28":0,"29":0,"30":0,"31":0,"32":0,"33":0,"34":0,"35":0,"36":1},"f":{"0":1,"1":0,"2":1,"3":1,"4":1,"5":1,"6":0,"7":0,"8":0},"b":{"0":[1,1],"1":[0,1],"2":[1,1],"3":[0,0],"4":[0,0],"5":[0,0]},"_coverageSchema":"1a1c01bbd47fc00a2c39e90264f33305004495a9","hash":"728e85cd62e483850737c414356fa9062f169e23"}
,"C:\\Users\\aksha\\OneDrive\\Desktop\\cis3500 project\\agile-github-projects-final-project\\server\\app\\config\\auth.config.js": {"path":"C:\\Users\\aksha\\OneDrive\\Desktop\\cis3500 project\\agile-github-projects-final-project\\server\\app\\config\\auth.config.js","statementMap":{"0":{"start":{"line":1,"column":0},"end":{"line":3,"column":2}}},"fnMap":{},"branchMap":{},"s":{"0":1},"f":{},"b":{},"_coverageSchema":"1a1c01bbd47fc00a2c39e90264f33305004495a9","hash":"f823a8f0a42d1c7e054902543b1b1b5bba9bf035"}
,"C:\\Users\\aksha\\OneDrive\\Desktop\\cis3500 project\\agile-github-projects-final-project\\server\\app\\config\\db.config.js": {"path":"C:\\Users\\aksha\\OneDrive\\Desktop\\cis3500 project\\agile-github-projects-final-project\\server\\app\\config\\db.config.js","statementMap":{"0":{"start":{"line":1,"column":0},"end":{"line":5,"column":2}}},"fnMap":{},"branchMap":{},"s":{"0":1},"f":{},"b":{},"_coverageSchema":"1a1c01bbd47fc00a2c39e90264f33305004495a9","hash":"566f6a76ebdb9e3d359dd774783cd91bf7046cf7"}
,"C:\\Users\\aksha\\OneDrive\\Desktop\\cis3500 project\\agile-github-projects-final-project\\server\\app\\controllers\\auth.controller.js": {"path":"C:\\Users\\aksha\\OneDrive\\Desktop\\cis3500 project\\agile-github-projects-final-project\\server\\app\\controllers\\auth.controller.js","statementMap":{"0":{"start":{"line":1,"column":15},"end":{"line":1,"column":47}},"1":{"start":{"line":2,"column":11},"end":{"line":2,"column":31}},"2":{"start":{"line":3,"column":13},"end":{"line":3,"column":20}},"3":{"start":{"line":4,"column":13},"end":{"line":4,"column":20}},"4":{"start":{"line":6,"column":10},"end":{"line":6,"column":33}},"5":{"start":{"line":7,"column":13},"end":{"line":7,"column":32}},"6":{"start":{"line":9,"column":0},"end":{"line":65,"column":2}},"7":{"start":{"line":10,"column":15},"end":{"line":14,"column":4}},"8":{"start":{"line":15,"column":2},"end":{"line":64,"column":5}},"9":{"start":{"line":16,"column":4},"end":{"line":19,"column":5}},"10":{"start":{"line":17,"column":6},"end":{"line":17,"column":45}},"11":{"start":{"line":18,"column":6},"end":{"line":18,"column":13}},"12":{"start":{"line":21,"column":4},"end":{"line":63,"column":5}},"13":{"start":{"line":22,"column":6},"end":{"line":42,"column":8}},"14":{"start":{"line":27,"column":10},"end":{"line":30,"column":11}},"15":{"start":{"line":28,"column":12},"end":{"line":28,"column":51}},"16":{"start":{"line":29,"column":12},"end":{"line":29,"column":19}},"17":{"start":{"line":32,"column":10},"end":{"line":32,"column":51}},"18":{"start":{"line":32,"column":41},"end":{"line":32,"column":49}},"19":{"start":{"line":33,"column":10},"end":{"line":40,"column":13}},"20":{"start":{"line":34,"column":12},"end":{"line":37,"column":13}},"21":{"start":{"line":35,"column":14},"end":{"line":35,"column":53}},"22":{"start":{"line":36,"column":14},"end":{"line":36,"column":21}},"23":{"start":{"line":39,"column":12},"end":{"line":39,"column":71}},"24":{"start":{"line":44,"column":6},"end":{"line":62,"column":9}},"25":{"start":{"line":45,"column":8},"end":{"line":48,"column":9}},"26":{"start":{"line":46,"column":10},"end":{"line":46,"column":49}},"27":{"start":{"line":47,"column":10},"end":{"line":47,"column":17}},"28":{"start":{"line":49,"column":8},"end":{"line":52,"column":9}},"29":{"start":{"line":50,"column":10},"end":{"line":50,"column":60}},"30":{"start":{"line":51,"column":10},"end":{"line":51,"column":17}},"31":{"start":{"line":53,"column":8},"end":{"line":53,"column":32}},"32":{"start":{"line":54,"column":8},"end":{"line":61,"column":11}},"33":{"start":{"line":55,"column":10},"end":{"line":58,"column":11}},"34":{"start":{"line":56,"column":12},"end":{"line":56,"column":51}},"35":{"start":{"line":57,"column":12},"end":{"line":57,"column":19}},"36":{"start":{"line":60,"column":10},"end":{"line":60,"column":69}},"37":{"start":{"line":67,"column":0},"end":{"line":119,"column":2}},"38":{"start":{"line":68,"column":2},"end":{"line":118,"column":7}},"39":{"start":{"line":73,"column":6},"end":{"line":76,"column":7}},"40":{"start":{"line":74,"column":8},"end":{"line":74,"column":47}},"41":{"start":{"line":75,"column":8},"end":{"line":75,"column":15}},"42":{"start":{"line":78,"column":6},"end":{"line":80,"column":7}},"43":{"start":{"line":79,"column":8},"end":{"line":79,"column":68}},"44":{"start":{"line":81,"column":6},"end":{"line":84,"column":7}},"45":{"start":{"line":82,"column":8},"end":{"line":82,"column":58}},"46":{"start":{"line":83,"column":8},"end":{"line":83,"column":15}},"47":{"start":{"line":86,"column":28},"end":{"line":89,"column":7}},"48":{"start":{"line":91,"column":6},"end":{"line":96,"column":7}},"49":{"start":{"line":92,"column":8},"end":{"line":95,"column":11}},"50":{"start":{"line":98,"column":20},"end":{"line":104,"column":32}},"51":{"start":{"line":106,"column":24},"end":{"line":106,"column":26}},"52":{"start":{"line":108,"column":6},"end":{"line":110,"column":7}},"53":{"start":{"line":108,"column":19},"end":{"line":108,"column":20}},"54":{"start":{"line":109,"column":8},"end":{"line":109,"column":69}},"55":{"start":{"line":111,"column":6},"end":{"line":117,"column":9}},"56":{"start":{"line":121,"column":0},"end":{"line":141,"column":2}},"57":{"start":{"line":122,"column":2},"end":{"line":140,"column":7}},"58":{"start":{"line":127,"column":6},"end":{"line":130,"column":7}},"59":{"start":{"line":128,"column":8},"end":{"line":128,"column":47}},"60":{"start":{"line":129,"column":8},"end":{"line":129,"column":15}},"61":{"start":{"line":132,"column":6},"end":{"line":134,"column":7}},"62":{"start":{"line":133,"column":8},"end":{"line":133,"column":68}},"63":{"start":{"line":136,"column":6},"end":{"line":139,"column":9}}},"fnMap":{"0":{"name":"(anonymous_0)","decl":{"start":{"line":9,"column":17},"end":{"line":9,"column":18}},"loc":{"start":{"line":9,"column":31},"end":{"line":65,"column":1}},"line":9},"1":{"name":"(anonymous_1)","decl":{"start":{"line":15,"column":12},"end":{"line":15,"column":13}},"loc":{"start":{"line":15,"column":27},"end":{"line":64,"column":3}},"line":15},"2":{"name":"(anonymous_2)","decl":{"start":{"line":26,"column":8},"end":{"line":26,"column":9}},"loc":{"start":{"line":26,"column":24},"end":{"line":41,"column":9}},"line":26},"3":{"name":"(anonymous_3)","decl":{"start":{"line":32,"column":33},"end":{"line":32,"column":34}},"loc":{"start":{"line":32,"column":41},"end":{"line":32,"column":49}},"line":32},"4":{"name":"(anonymous_4)","decl":{"start":{"line":33,"column":20},"end":{"line":33,"column":21}},"loc":{"start":{"line":33,"column":27},"end":{"line":40,"column":11}},"line":33},"5":{"name":"(anonymous_5)","decl":{"start":{"line":44,"column":37},"end":{"line":44,"column":38}},"loc":{"start":{"line":44,"column":52},"end":{"line":62,"column":7}},"line":44},"6":{"name":"(anonymous_6)","decl":{"start":{"line":54,"column":18},"end":{"line":54,"column":19}},"loc":{"start":{"line":54,"column":25},"end":{"line":61,"column":9}},"line":54},"7":{"name":"(anonymous_7)","decl":{"start":{"line":67,"column":17},"end":{"line":67,"column":18}},"loc":{"start":{"line":67,"column":31},"end":{"line":119,"column":1}},"line":67},"8":{"name":"(anonymous_8)","decl":{"start":{"line":72,"column":10},"end":{"line":72,"column":11}},"loc":{"start":{"line":72,"column":25},"end":{"line":118,"column":5}},"line":72},"9":{"name":"(anonymous_9)","decl":{"start":{"line":121,"column":15},"end":{"line":121,"column":16}},"loc":{"start":{"line":121,"column":29},"end":{"line":141,"column":1}},"line":121},"10":{"name":"(anonymous_10)","decl":{"start":{"line":126,"column":10},"end":{"line":126,"column":11}},"loc":{"start":{"line":126,"column":25},"end":{"line":140,"column":5}},"line":126}},"branchMap":{"0":{"loc":{"start":{"line":16,"column":4},"end":{"line":19,"column":5}},"type":"if","locations":[{"start":{"line":16,"column":4},"end":{"line":19,"column":5}},{"start":{},"end":{}}],"line":16},"1":{"loc":{"start":{"line":21,"column":4},"end":{"line":63,"column":5}},"type":"if","locations":[{"start":{"line":21,"column":4},"end":{"line":63,"column":5}},{"start":{"line":43,"column":11},"end":{"line":63,"column":5}}],"line":21},"2":{"loc":{"start":{"line":27,"column":10},"end":{"line":30,"column":11}},"type":"if","locations":[{"start":{"line":27,"column":10},"end":{"line":30,"column":11}},{"start":{},"end":{}}],"line":27},"3":{"loc":{"start":{"line":34,"column":12},"end":{"line":37,"column":13}},"type":"if","locations":[{"start":{"line":34,"column":12},"end":{"line":37,"column":13}},{"start":{},"end":{}}],"line":34},"4":{"loc":{"start":{"line":45,"column":8},"end":{"line":48,"column":9}},"type":"if","locations":[{"start":{"line":45,"column":8},"end":{"line":48,"column":9}},{"start":{},"end":{}}],"line":45},"5":{"loc":{"start":{"line":49,"column":8},"end":{"line":52,"column":9}},"type":"if","locations":[{"start":{"line":49,"column":8},"end":{"line":52,"column":9}},{"start":{},"end":{}}],"line":49},"6":{"loc":{"start":{"line":49,"column":12},"end":{"line":49,"column":44}},"type":"binary-expr","locations":[{"start":{"line":49,"column":12},"end":{"line":49,"column":26}},{"start":{"line":49,"column":30},"end":{"line":49,"column":44}}],"line":49},"7":{"loc":{"start":{"line":55,"column":10},"end":{"line":58,"column":11}},"type":"if","locations":[{"start":{"line":55,"column":10},"end":{"line":58,"column":11}},{"start":{},"end":{}}],"line":55},"8":{"loc":{"start":{"line":73,"column":6},"end":{"line":76,"column":7}},"type":"if","locations":[{"start":{"line":73,"column":6},"end":{"line":76,"column":7}},{"start":{},"end":{}}],"line":73},"9":{"loc":{"start":{"line":78,"column":6},"end":{"line":80,"column":7}},"type":"if","locations":[{"start":{"line":78,"column":6},"end":{"line":80,"column":7}},{"start":{},"end":{}}],"line":78},"10":{"loc":{"start":{"line":81,"column":6},"end":{"line":84,"column":7}},"type":"if","locations":[{"start":{"line":81,"column":6},"end":{"line":84,"column":7}},{"start":{},"end":{}}],"line":81},"11":{"loc":{"start":{"line":81,"column":10},"end":{"line":81,"column":92}},"type":"binary-expr","locations":[{"start":{"line":81,"column":10},"end":{"line":81,"column":24}},{"start":{"line":81,"column":28},"end":{"line":81,"column":42}},{"start":{"line":81,"column":47},"end":{"line":81,"column":66}},{"start":{"line":81,"column":71},"end":{"line":81,"column":90}}],"line":81},"12":{"loc":{"start":{"line":91,"column":6},"end":{"line":96,"column":7}},"type":"if","locations":[{"start":{"line":91,"column":6},"end":{"line":96,"column":7}},{"start":{},"end":{}}],"line":91},"13":{"loc":{"start":{"line":127,"column":6},"end":{"line":130,"column":7}},"type":"if","locations":[{"start":{"line":127,"column":6},"end":{"line":130,"column":7}},{"start":{},"end":{}}],"line":127},"14":{"loc":{"start":{"line":132,"column":6},"end":{"line":134,"column":7}},"type":"if","locations":[{"start":{"line":132,"column":6},"end":{"line":134,"column":7}},{"start":{},"end":{}}],"line":132}},"s":{"0":1,"1":1,"2":1,"3":1,"4":1,"5":1,"6":1,"7":2,"8":2,"9":2,"10":0,"11":0,"12":2,"13":1,"14":1,"15":0,"16":0,"17":1,"18":0,"19":1,"20":1,"21":0,"22":0,"23":1,"24":1,"25":1,"26":0,"27":0,"28":1,"29":0,"30":0,"31":1,"32":1,"33":1,"34":0,"35":0,"36":1,"37":1,"38":1,"39":1,"40":0,"41":0,"42":1,"43":0,"44":1,"45":0,"46":0,"47":1,"48":1,"49":0,"50":1,"51":1,"52":1,"53":1,"54":1,"55":1,"56":1,"57":1,"58":1,"59":0,"60":0,"61":1,"62":0,"63":1},"f":{"0":2,"1":2,"2":1,"3":0,"4":1,"5":1,"6":1,"7":1,"8":1,"9":1,"10":1},"b":{"0":[0,2],"1":[1,1],"2":[0,1],"3":[0,1],"4":[0,1],"5":[0,1],"6":[1,1],"7":[0,1],"8":[0,1],"9":[0,1],"10":[0,1],"11":[1,1,1,1],"12":[0,1],"13":[0,1],"14":[0,1]},"_coverageSchema":"1a1c01bbd47fc00a2c39e90264f33305004495a9","hash":"a2e674c53de6f10720679f538c637b6dc8e03b7d"}
,"C:\\Users\\aksha\\OneDrive\\Desktop\\cis3500 project\\agile-github-projects-final-project\\server\\app\\controllers\\user.controller.js": {"path":"C:\\Users\\aksha\\OneDrive\\Desktop\\cis3500 project\\agile-github-projects-final-project\\server\\app\\controllers\\user.controller.js","statementMap":{"0":{"start":{"line":1,"column":0},"end":{"line":3,"column":2}},"1":{"start":{"line":2,"column":2},"end":{"line":2,"column":42}},"2":{"start":{"line":5,"column":0},"end":{"line":7,"column":2}},"3":{"start":{"line":6,"column":2},"end":{"line":6,"column":40}},"4":{"start":{"line":9,"column":0},"end":{"line":11,"column":2}},"5":{"start":{"line":10,"column":2},"end":{"line":10,"column":41}},"6":{"start":{"line":13,"column":0},"end":{"line":15,"column":2}},"7":{"start":{"line":14,"column":2},"end":{"line":14,"column":45}}},"fnMap":{"0":{"name":"(anonymous_0)","decl":{"start":{"line":1,"column":20},"end":{"line":1,"column":21}},"loc":{"start":{"line":1,"column":34},"end":{"line":3,"column":1}},"line":1},"1":{"name":"(anonymous_1)","decl":{"start":{"line":5,"column":20},"end":{"line":5,"column":21}},"loc":{"start":{"line":5,"column":34},"end":{"line":7,"column":1}},"line":5},"2":{"name":"(anonymous_2)","decl":{"start":{"line":9,"column":21},"end":{"line":9,"column":22}},"loc":{"start":{"line":9,"column":35},"end":{"line":11,"column":1}},"line":9},"3":{"name":"(anonymous_3)","decl":{"start":{"line":13,"column":25},"end":{"line":13,"column":26}},"loc":{"start":{"line":13,"column":39},"end":{"line":15,"column":1}},"line":13}},"branchMap":{},"s":{"0":1,"1":0,"2":1,"3":0,"4":1,"5":0,"6":1,"7":0},"f":{"0":0,"1":0,"2":0,"3":0},"b":{},"_coverageSchema":"1a1c01bbd47fc00a2c39e90264f33305004495a9","hash":"c9b13c8e9cf91fbd682a999f99c58c96732c0da3"}
,"C:\\Users\\aksha\\OneDrive\\Desktop\\cis3500 project\\agile-github-projects-final-project\\server\\app\\middlewares\\authJwt.js": {"path":"C:\\Users\\aksha\\OneDrive\\Desktop\\cis3500 project\\agile-github-projects-final-project\\server\\app\\middlewares\\authJwt.js","statementMap":{"0":{"start":{"line":1,"column":12},"end":{"line":1,"column":35}},"1":{"start":{"line":2,"column":15},"end":{"line":2,"column":50}},"2":{"start":{"line":3,"column":11},"end":{"line":3,"column":40}},"3":{"start":{"line":4,"column":13},"end":{"line":4,"column":20}},"4":{"start":{"line":5,"column":13},"end":{"line":5,"column":20}},"5":{"start":{"line":89,"column":16},"end":{"line":91,"column":1}},"6":{"start":{"line":92,"column":0},"end":{"line":92,"column":25}}},"fnMap":{},"branchMap":{},"s":{"0":1,"1":1,"2":1,"3":1,"4":1,"5":1,"6":1},"f":{},"b":{},"_coverageSchema":"1a1c01bbd47fc00a2c39e90264f33305004495a9","hash":"75483ae34e159b7d3b31d44919867252bf67b1a6"}
,"C:\\Users\\aksha\\OneDrive\\Desktop\\cis3500 project\\agile-github-projects-final-project\\server\\app\\middlewares\\index.js": {"path":"C:\\Users\\aksha\\OneDrive\\Desktop\\cis3500 project\\agile-github-projects-final-project\\server\\app\\middlewares\\index.js","statementMap":{"0":{"start":{"line":1,"column":16},"end":{"line":1,"column":36}},"1":{"start":{"line":2,"column":21},"end":{"line":2,"column":46}},"2":{"start":{"line":4,"column":0},"end":{"line":7,"column":2}}},"fnMap":{},"branchMap":{},"s":{"0":1,"1":1,"2":1},"f":{},"b":{},"_coverageSchema":"1a1c01bbd47fc00a2c39e90264f33305004495a9","hash":"e920231d315c08782c5ada9f277468f5b71f47dd"}
,"C:\\Users\\aksha\\OneDrive\\Desktop\\cis3500 project\\agile-github-projects-final-project\\server\\app\\middlewares\\verifySignUp.js": {"path":"C:\\Users\\aksha\\OneDrive\\Desktop\\cis3500 project\\agile-github-projects-final-project\\server\\app\\middlewares\\verifySignUp.js","statementMap":{},"fnMap":{},"branchMap":{},"s":{},"f":{},"b":{},"_coverageSchema":"1a1c01bbd47fc00a2c39e90264f33305004495a9","hash":"577c4fb6cf258a0461535e987a559f494eb391b9"}
,"C:\\Users\\aksha\\OneDrive\\Desktop\\cis3500 project\\agile-github-projects-final-project\\server\\app\\models\\dbUtils.js": {"path":"C:\\Users\\aksha\\OneDrive\\Desktop\\cis3500 project\\agile-github-projects-final-project\\server\\app\\models\\dbUtils.js","statementMap":{"0":{"start":{"line":4,"column":0},"end":{"line":4,"column":27}},"1":{"start":{"line":7,"column":24},"end":{"line":7,"column":42}},"2":{"start":{"line":11,"column":14},"end":{"line":11,"column":129}},"3":{"start":{"line":22,"column":16},"end":{"line":33,"column":1}},"4":{"start":{"line":24,"column":2},"end":{"line":32,"column":3}},"5":{"start":{"line":25,"column":4},"end":{"line":26,"column":14}},"6":{"start":{"line":28,"column":4},"end":{"line":28,"column":73}},"7":{"start":{"line":29,"column":4},"end":{"line":29,"column":27}},"8":{"start":{"line":31,"column":4},"end":{"line":31,"column":29}},"9":{"start":{"line":38,"column":14},"end":{"line":44,"column":1}},"10":{"start":{"line":40,"column":2},"end":{"line":42,"column":3}},"11":{"start":{"line":41,"column":4},"end":{"line":41,"column":20}},"12":{"start":{"line":43,"column":2},"end":{"line":43,"column":30}},"13":{"start":{"line":50,"column":31},"end":{"line":52,"column":1}},"14":{"start":{"line":51,"column":2},"end":{"line":51,"column":32}},"15":{"start":{"line":55,"column":0},"end":{"line":59,"column":4}}},"fnMap":{"0":{"name":"(anonymous_0)","decl":{"start":{"line":22,"column":16},"end":{"line":22,"column":17}},"loc":{"start":{"line":22,"column":28},"end":{"line":33,"column":1}},"line":22},"1":{"name":"(anonymous_1)","decl":{"start":{"line":38,"column":14},"end":{"line":38,"column":15}},"loc":{"start":{"line":38,"column":26},"end":{"line":44,"column":1}},"line":38},"2":{"name":"(anonymous_2)","decl":{"start":{"line":50,"column":31},"end":{"line":50,"column":32}},"loc":{"start":{"line":50,"column":43},"end":{"line":52,"column":1}},"line":50}},"branchMap":{"0":{"loc":{"start":{"line":40,"column":2},"end":{"line":42,"column":3}},"type":"if","locations":[{"start":{"line":40,"column":2},"end":{"line":42,"column":3}},{"start":{},"end":{}}],"line":40}},"s":{"0":1,"1":1,"2":1,"3":1,"4":2,"5":2,"6":2,"7":2,"8":0,"9":1,"10":0,"11":0,"12":0,"13":1,"14":3,"15":1},"f":{"0":2,"1":0,"2":3},"b":{"0":[0,0]},"_coverageSchema":"1a1c01bbd47fc00a2c39e90264f33305004495a9","hash":"a787a33f3d3d53dd181b35ca04dc77a0e551531e"}
,"C:\\Users\\aksha\\OneDrive\\Desktop\\cis3500 project\\agile-github-projects-final-project\\server\\app\\models\\index.js": {"path":"C:\\Users\\aksha\\OneDrive\\Desktop\\cis3500 project\\agile-github-projects-final-project\\server\\app\\models\\index.js","statementMap":{"0":{"start":{"line":1,"column":17},"end":{"line":1,"column":36}},"1":{"start":{"line":2,"column":0},"end":{"line":2,"column":34}},"2":{"start":{"line":4,"column":11},"end":{"line":4,"column":13}},"3":{"start":{"line":6,"column":0},"end":{"line":6,"column":23}},"4":{"start":{"line":8,"column":0},"end":{"line":8,"column":34}},"5":{"start":{"line":9,"column":0},"end":{"line":9,"column":34}},"6":{"start":{"line":11,"column":0},"end":{"line":11,"column":42}},"7":{"start":{"line":13,"column":0},"end":{"line":13,"column":20}}},"fnMap":{},"branchMap":{},"s":{"0":1,"1":1,"2":1,"3":1,"4":1,"5":1,"6":1,"7":1},"f":{},"b":{},"_coverageSchema":"1a1c01bbd47fc00a2c39e90264f33305004495a9","hash":"be7200346cfa6d4450e9c539c34c39e9c66b39c4"}
,"C:\\Users\\aksha\\OneDrive\\Desktop\\cis3500 project\\agile-github-projects-final-project\\server\\app\\models\\role.model.js": {"path":"C:\\Users\\aksha\\OneDrive\\Desktop\\cis3500 project\\agile-github-projects-final-project\\server\\app\\models\\role.model.js","statementMap":{"0":{"start":{"line":1,"column":17},"end":{"line":1,"column":36}},"1":{"start":{"line":3,"column":13},"end":{"line":8,"column":1}},"2":{"start":{"line":10,"column":0},"end":{"line":10,"column":22}}},"fnMap":{},"branchMap":{},"s":{"0":1,"1":1,"2":1},"f":{},"b":{},"_coverageSchema":"1a1c01bbd47fc00a2c39e90264f33305004495a9","hash":"3d919b18aaeb5695b4eb338b9406420e7bb48c8d"}
,"C:\\Users\\aksha\\OneDrive\\Desktop\\cis3500 project\\agile-github-projects-final-project\\server\\app\\models\\user.model.js": {"path":"C:\\Users\\aksha\\OneDrive\\Desktop\\cis3500 project\\agile-github-projects-final-project\\server\\app\\models\\user.model.js","statementMap":{"0":{"start":{"line":1,"column":17},"end":{"line":1,"column":36}},"1":{"start":{"line":3,"column":13},"end":{"line":16,"column":1}},"2":{"start":{"line":18,"column":0},"end":{"line":18,"column":22}}},"fnMap":{},"branchMap":{},"s":{"0":1,"1":1,"2":1},"f":{},"b":{},"_coverageSchema":"1a1c01bbd47fc00a2c39e90264f33305004495a9","hash":"a3c4e08f0ced09a968e8355bdc5fe303c0e67ce4"}
,"C:\\Users\\aksha\\OneDrive\\Desktop\\cis3500 project\\agile-github-projects-final-project\\server\\app\\routes\\auth.routes.js": {"path":"C:\\Users\\aksha\\OneDrive\\Desktop\\cis3500 project\\agile-github-projects-final-project\\server\\app\\routes\\auth.routes.js","statementMap":{"0":{"start":{"line":1,"column":25},"end":{"line":1,"column":50}},"1":{"start":{"line":2,"column":19},"end":{"line":2,"column":60}},"2":{"start":{"line":4,"column":0},"end":{"line":25,"column":2}},"3":{"start":{"line":5,"column":2},"end":{"line":11,"column":5}},"4":{"start":{"line":6,"column":4},"end":{"line":9,"column":6}},"5":{"start":{"line":10,"column":4},"end":{"line":10,"column":11}},"6":{"start":{"line":13,"column":2},"end":{"line":20,"column":4}},"7":{"start":{"line":22,"column":2},"end":{"line":22,"column":50}},"8":{"start":{"line":24,"column":2},"end":{"line":24,"column":46}}},"fnMap":{"0":{"name":"(anonymous_0)","decl":{"start":{"line":4,"column":17},"end":{"line":4,"column":18}},"loc":{"start":{"line":4,"column":31},"end":{"line":25,"column":1}},"line":4},"1":{"name":"(anonymous_1)","decl":{"start":{"line":5,"column":10},"end":{"line":5,"column":11}},"loc":{"start":{"line":5,"column":35},"end":{"line":11,"column":3}},"line":5}},"branchMap":{},"s":{"0":1,"1":1,"2":1,"3":1,"4":5,"5":5,"6":1,"7":1,"8":1},"f":{"0":1,"1":5},"b":{},"_coverageSchema":"1a1c01bbd47fc00a2c39e90264f33305004495a9","hash":"1e9820808318794f0e9a31a35104d8ab4edc7889"}
,"C:\\Users\\aksha\\OneDrive\\Desktop\\cis3500 project\\agile-github-projects-final-project\\server\\app\\routes\\user.routes.js": {"path":"C:\\Users\\aksha\\OneDrive\\Desktop\\cis3500 project\\agile-github-projects-final-project\\server\\app\\routes\\user.routes.js","statementMap":{"0":{"start":{"line":1,"column":20},"end":{"line":1,"column":45}},"1":{"start":{"line":2,"column":19},"end":{"line":2,"column":60}},"2":{"start":{"line":4,"column":0},"end":{"line":28,"column":2}},"3":{"start":{"line":5,"column":2},"end":{"line":11,"column":5}},"4":{"start":{"line":6,"column":4},"end":{"line":9,"column":6}},"5":{"start":{"line":10,"column":4},"end":{"line":10,"column":11}}},"fnMap":{"0":{"name":"(anonymous_0)","decl":{"start":{"line":4,"column":17},"end":{"line":4,"column":18}},"loc":{"start":{"line":4,"column":31},"end":{"line":28,"column":1}},"line":4},"1":{"name":"(anonymous_1)","decl":{"start":{"line":5,"column":10},"end":{"line":5,"column":11}},"loc":{"start":{"line":5,"column":35},"end":{"line":11,"column":3}},"line":5}},"branchMap":{},"s":{"0":1,"1":1,"2":1,"3":1,"4":1,"5":1},"f":{"0":1,"1":1},"b":{},"_coverageSchema":"1a1c01bbd47fc00a2c39e90264f33305004495a9","hash":"745200332adf64a35d5743d3dab82cf6b6d539d9"}
,"C:\\Users\\aksha\\OneDrive\\Desktop\\cis3500 project\\agile-github-projects-final-project\\server\\tests\\testUtils.js": {"path":"C:\\Users\\aksha\\OneDrive\\Desktop\\cis3500 project\\agile-github-projects-final-project\\server\\tests\\testUtils.js","statementMap":{"0":{"start":{"line":4,"column":17},"end":{"line":9,"column":3}},"1":{"start":{"line":16,"column":29},"end":{"line":19,"column":3}},"2":{"start":{"line":17,"column":19},"end":{"line":17,"column":67}},"3":{"start":{"line":18,"column":4},"end":{"line":18,"column":29}},"4":{"start":{"line":26,"column":31},"end":{"line":38,"column":3}},"5":{"start":{"line":27,"column":4},"end":{"line":37,"column":5}},"6":{"start":{"line":28,"column":21},"end":{"line":28,"column":83}},"7":{"start":{"line":29,"column":31},"end":{"line":29,"column":37}},"8":{"start":{"line":30,"column":6},"end":{"line":34,"column":7}},"9":{"start":{"line":31,"column":8},"end":{"line":31,"column":65}},"10":{"start":{"line":33,"column":8},"end":{"line":33,"column":63}},"11":{"start":{"line":36,"column":6},"end":{"line":36,"column":40}},"12":{"start":{"line":48,"column":20},"end":{"line":56,"column":3}},"13":{"start":{"line":49,"column":16},"end":{"line":49,"column":21}},"14":{"start":{"line":50,"column":4},"end":{"line":54,"column":7}},"15":{"start":{"line":51,"column":6},"end":{"line":53,"column":7}},"16":{"start":{"line":52,"column":8},"end":{"line":52,"column":21}},"17":{"start":{"line":55,"column":4},"end":{"line":55,"column":17}},"18":{"start":{"line":59,"column":2},"end":{"line":64,"column":4}}},"fnMap":{"0":{"name":"(anonymous_0)","decl":{"start":{"line":16,"column":29},"end":{"line":16,"column":30}},"loc":{"start":{"line":16,"column":53},"end":{"line":19,"column":3}},"line":16},"1":{"name":"(anonymous_1)","decl":{"start":{"line":26,"column":31},"end":{"line":26,"column":32}},"loc":{"start":{"line":26,"column":55},"end":{"line":38,"column":3}},"line":26},"2":{"name":"(anonymous_2)","decl":{"start":{"line":48,"column":20},"end":{"line":48,"column":21}},"loc":{"start":{"line":48,"column":34},"end":{"line":56,"column":3}},"line":48},"3":{"name":"(anonymous_3)","decl":{"start":{"line":50,"column":12},"end":{"line":50,"column":13}},"loc":{"start":{"line":50,"column":19},"end":{"line":54,"column":5}},"line":50}},"branchMap":{"0":{"loc":{"start":{"line":30,"column":6},"end":{"line":34,"column":7}},"type":"if","locations":[{"start":{"line":30,"column":6},"end":{"line":34,"column":7}},{"start":{"line":32,"column":13},"end":{"line":34,"column":7}}],"line":30},"1":{"loc":{"start":{"line":51,"column":6},"end":{"line":53,"column":7}},"type":"if","locations":[{"start":{"line":51,"column":6},"end":{"line":53,"column":7}},{"start":{},"end":{}}],"line":51}},"s":{"0":1,"1":1,"2":1,"3":1,"4":1,"5":1,"6":1,"7":1,"8":1,"9":0,"10":1,"11":0,"12":1,"13":0,"14":0,"15":0,"16":0,"17":0,"18":1},"f":{"0":1,"1":1,"2":0,"3":0},"b":{"0":[0,1],"1":[0,0]},"_coverageSchema":"1a1c01bbd47fc00a2c39e90264f33305004495a9","hash":"71230fcdd95ee0aacc12c92a08833a2ef98a7988"}
}
