{"C:\\Users\\aksha\\OneDrive\\Desktop\\cis3500 project\\agile-github-projects-final-project\\server\\server.js": {"path":"C:\\Users\\aksha\\OneDrive\\Desktop\\cis3500 project\\agile-github-projects-final-project\\server\\server.js","statementMap":{"0":{"start":{"line":1,"column":16},"end":{"line":1,"column":34}},"1":{"start":{"line":2,"column":13},"end":{"line":2,"column":28}},"2":{"start":{"line":3,"column":13},"end":{"line":3,"column":28}},"3":{"start":{"line":4,"column":12},"end":{"line":4,"column":21}},"4":{"start":{"line":6,"column":23},"end":{"line":9,"column":1}},"5":{"start":{"line":11,"column":20},"end":{"line":20,"column":1}},"6":{"start":{"line":13,"column":8},"end":{"line":17,"column":9}},"7":{"start":{"line":14,"column":12},"end":{"line":14,"column":33}},"8":{"start":{"line":16,"column":12},"end":{"line":16,"column":55}},"9":{"start":{"line":22,"column":0},"end":{"line":22,"column":27}},"10":{"start":{"line":23,"column":0},"end":{"line":23,"column":24}},"11":{"start":{"line":24,"column":0},"end":{"line":24,"column":48}},"12":{"start":{"line":27,"column":0},"end":{"line":27,"column":33}},"13":{"start":{"line":30,"column":0},"end":{"line":32,"column":3}},"14":{"start":{"line":31,"column":4},"end":{"line":31,"column":82}},"15":{"start":{"line":34,"column":0},"end":{"line":34,"column":41}},"16":{"start":{"line":35,"column":0},"end":{"line":35,"column":41}},"17":{"start":{"line":36,"column":0},"end":{"line":36,"column":44}},"18":{"start":{"line":37,"column":0},"end":{"line":37,"column":44}},"19":{"start":{"line":39,"column":13},"end":{"line":39,"column":37}},"20":{"start":{"line":40,"column":0},"end":{"line":42,"column":3}},"21":{"start":{"line":41,"column":4},"end":{"line":41,"column":54}},"22":{"start":{"line":44,"column":0},"end":{"line":44,"column":21}}},"fnMap":{"0":{"name":"(anonymous_0)","decl":{"start":{"line":12,"column":12},"end":{"line":12,"column":13}},"loc":{"start":{"line":12,"column":40},"end":{"line":18,"column":5}},"line":12},"1":{"name":"(anonymous_1)","decl":{"start":{"line":30,"column":13},"end":{"line":30,"column":14}},"loc":{"start":{"line":30,"column":27},"end":{"line":32,"column":1}},"line":30},"2":{"name":"(anonymous_2)","decl":{"start":{"line":40,"column":17},"end":{"line":40,"column":18}},"loc":{"start":{"line":40,"column":23},"end":{"line":42,"column":1}},"line":40}},"branchMap":{"0":{"loc":{"start":{"line":13,"column":8},"end":{"line":17,"column":9}},"type":"if","locations":[{"start":{"line":13,"column":8},"end":{"line":17,"column":9}},{"start":{"line":15,"column":15},"end":{"line":17,"column":9}}],"line":13},"1":{"loc":{"start":{"line":13,"column":12},"end":{"line":13,"column":60}},"type":"binary-expr","locations":[{"start":{"line":13,"column":12},"end":{"line":13,"column":19}},{"start":{"line":13,"column":23},"end":{"line":13,"column":60}}],"line":13},"2":{"loc":{"start":{"line":39,"column":13},"end":{"line":39,"column":37}},"type":"binary-expr","locations":[{"start":{"line":39,"column":13},"end":{"line":39,"column":29}},{"start":{"line":39,"column":33},"end":{"line":39,"column":37}}],"line":39}},"s":{"0":1,"1":1,"2":1,"3":1,"4":1,"5":1,"6":31,"7":31,"8":0,"9":1,"10":1,"11":1,"12":1,"13":1,"14":0,"15":1,"16":1,"17":1,"18":1,"19":1,"20":1,"21":1,"22":1},"f":{"0":31,"1":0,"2":1},"b":{"0":[31,0],"1":[31,0],"2":[1,1]},"_coverageSchema":"1a1c01bbd47fc00a2c39e90264f33305004495a9","hash":"61a8280b058d6203339b9cea400e1d03fe160f1e"}
,"C:\\Users\\aksha\\OneDrive\\Desktop\\cis3500 project\\agile-github-projects-final-project\\server\\app\\config\\auth.config.js": {"path":"C:\\Users\\aksha\\OneDrive\\Desktop\\cis3500 project\\agile-github-projects-final-project\\server\\app\\config\\auth.config.js","statementMap":{"0":{"start":{"line":1,"column":0},"end":{"line":3,"column":2}}},"fnMap":{},"branchMap":{},"s":{"0":1},"f":{},"b":{},"_coverageSchema":"1a1c01bbd47fc00a2c39e90264f33305004495a9","hash":"f823a8f0a42d1c7e054902543b1b1b5bba9bf035"}
,"C:\\Users\\aksha\\OneDrive\\Desktop\\cis3500 project\\agile-github-projects-final-project\\server\\app\\controllers\\auth.controller.js": {"path":"C:\\Users\\aksha\\OneDrive\\Desktop\\cis3500 project\\agile-github-projects-final-project\\server\\app\\controllers\\auth.controller.js","statementMap":{"0":{"start":{"line":1,"column":15},"end":{"line":1,"column":47}},"1":{"start":{"line":2,"column":11},"end":{"line":2,"column":31}},"2":{"start":{"line":3,"column":13},"end":{"line":3,"column":20}},"3":{"start":{"line":4,"column":13},"end":{"line":4,"column":20}},"4":{"start":{"line":6,"column":10},"end":{"line":6,"column":33}},"5":{"start":{"line":7,"column":13},"end":{"line":7,"column":32}},"6":{"start":{"line":14,"column":0},"end":{"line":90,"column":2}},"7":{"start":{"line":15,"column":2},"end":{"line":18,"column":3}},"8":{"start":{"line":16,"column":4},"end":{"line":16,"column":54}},"9":{"start":{"line":17,"column":4},"end":{"line":17,"column":11}},"10":{"start":{"line":19,"column":2},"end":{"line":88,"column":7}},"11":{"start":{"line":24,"column":6},"end":{"line":27,"column":7}},"12":{"start":{"line":25,"column":8},"end":{"line":25,"column":47}},"13":{"start":{"line":26,"column":8},"end":{"line":26,"column":15}},"14":{"start":{"line":29,"column":6},"end":{"line":32,"column":7}},"15":{"start":{"line":30,"column":8},"end":{"line":30,"column":60}},"16":{"start":{"line":31,"column":8},"end":{"line":31,"column":15}},"17":{"start":{"line":33,"column":19},"end":{"line":37,"column":8}},"18":{"start":{"line":38,"column":6},"end":{"line":87,"column":9}},"19":{"start":{"line":39,"column":8},"end":{"line":42,"column":9}},"20":{"start":{"line":40,"column":10},"end":{"line":40,"column":49}},"21":{"start":{"line":41,"column":10},"end":{"line":41,"column":17}},"22":{"start":{"line":44,"column":8},"end":{"line":86,"column":9}},"23":{"start":{"line":45,"column":10},"end":{"line":65,"column":12}},"24":{"start":{"line":50,"column":14},"end":{"line":53,"column":15}},"25":{"start":{"line":51,"column":16},"end":{"line":51,"column":55}},"26":{"start":{"line":52,"column":16},"end":{"line":52,"column":23}},"27":{"start":{"line":55,"column":14},"end":{"line":55,"column":55}},"28":{"start":{"line":55,"column":45},"end":{"line":55,"column":53}},"29":{"start":{"line":56,"column":14},"end":{"line":63,"column":17}},"30":{"start":{"line":57,"column":16},"end":{"line":60,"column":17}},"31":{"start":{"line":58,"column":18},"end":{"line":58,"column":57}},"32":{"start":{"line":59,"column":18},"end":{"line":59,"column":25}},"33":{"start":{"line":62,"column":16},"end":{"line":62,"column":75}},"34":{"start":{"line":67,"column":10},"end":{"line":85,"column":13}},"35":{"start":{"line":68,"column":12},"end":{"line":71,"column":13}},"36":{"start":{"line":69,"column":14},"end":{"line":69,"column":53}},"37":{"start":{"line":70,"column":14},"end":{"line":70,"column":21}},"38":{"start":{"line":72,"column":12},"end":{"line":75,"column":13}},"39":{"start":{"line":73,"column":14},"end":{"line":73,"column":64}},"40":{"start":{"line":74,"column":14},"end":{"line":74,"column":21}},"41":{"start":{"line":76,"column":12},"end":{"line":76,"column":36}},"42":{"start":{"line":77,"column":12},"end":{"line":84,"column":15}},"43":{"start":{"line":78,"column":14},"end":{"line":81,"column":15}},"44":{"start":{"line":79,"column":16},"end":{"line":79,"column":55}},"45":{"start":{"line":80,"column":16},"end":{"line":80,"column":23}},"46":{"start":{"line":83,"column":14},"end":{"line":83,"column":85}},"47":{"start":{"line":96,"column":0},"end":{"line":150,"column":2}},"48":{"start":{"line":97,"column":2},"end":{"line":149,"column":7}},"49":{"start":{"line":102,"column":6},"end":{"line":105,"column":7}},"50":{"start":{"line":103,"column":8},"end":{"line":103,"column":47}},"51":{"start":{"line":104,"column":8},"end":{"line":104,"column":15}},"52":{"start":{"line":107,"column":6},"end":{"line":109,"column":7}},"53":{"start":{"line":108,"column":8},"end":{"line":108,"column":68}},"54":{"start":{"line":110,"column":6},"end":{"line":113,"column":7}},"55":{"start":{"line":111,"column":8},"end":{"line":111,"column":58}},"56":{"start":{"line":112,"column":8},"end":{"line":112,"column":15}},"57":{"start":{"line":115,"column":28},"end":{"line":118,"column":7}},"58":{"start":{"line":120,"column":6},"end":{"line":125,"column":7}},"59":{"start":{"line":121,"column":8},"end":{"line":124,"column":11}},"60":{"start":{"line":127,"column":20},"end":{"line":133,"column":32}},"61":{"start":{"line":135,"column":6},"end":{"line":135,"column":81}},"62":{"start":{"line":137,"column":24},"end":{"line":137,"column":26}},"63":{"start":{"line":139,"column":6},"end":{"line":141,"column":7}},"64":{"start":{"line":139,"column":19},"end":{"line":139,"column":20}},"65":{"start":{"line":140,"column":8},"end":{"line":140,"column":69}},"66":{"start":{"line":142,"column":6},"end":{"line":148,"column":9}},"67":{"start":{"line":156,"column":0},"end":{"line":176,"column":2}},"68":{"start":{"line":157,"column":2},"end":{"line":175,"column":7}},"69":{"start":{"line":162,"column":6},"end":{"line":165,"column":7}},"70":{"start":{"line":163,"column":8},"end":{"line":163,"column":47}},"71":{"start":{"line":164,"column":8},"end":{"line":164,"column":15}},"72":{"start":{"line":167,"column":6},"end":{"line":169,"column":7}},"73":{"start":{"line":168,"column":8},"end":{"line":168,"column":68}},"74":{"start":{"line":171,"column":6},"end":{"line":174,"column":9}}},"fnMap":{"0":{"name":"(anonymous_0)","decl":{"start":{"line":14,"column":17},"end":{"line":14,"column":18}},"loc":{"start":{"line":14,"column":31},"end":{"line":90,"column":1}},"line":14},"1":{"name":"(anonymous_1)","decl":{"start":{"line":23,"column":10},"end":{"line":23,"column":11}},"loc":{"start":{"line":23,"column":29},"end":{"line":88,"column":5}},"line":23},"2":{"name":"(anonymous_2)","decl":{"start":{"line":38,"column":16},"end":{"line":38,"column":17}},"loc":{"start":{"line":38,"column":31},"end":{"line":87,"column":7}},"line":38},"3":{"name":"(anonymous_3)","decl":{"start":{"line":49,"column":12},"end":{"line":49,"column":13}},"loc":{"start":{"line":49,"column":28},"end":{"line":64,"column":13}},"line":49},"4":{"name":"(anonymous_4)","decl":{"start":{"line":55,"column":37},"end":{"line":55,"column":38}},"loc":{"start":{"line":55,"column":45},"end":{"line":55,"column":53}},"line":55},"5":{"name":"(anonymous_5)","decl":{"start":{"line":56,"column":24},"end":{"line":56,"column":25}},"loc":{"start":{"line":56,"column":31},"end":{"line":63,"column":15}},"line":56},"6":{"name":"(anonymous_6)","decl":{"start":{"line":67,"column":41},"end":{"line":67,"column":42}},"loc":{"start":{"line":67,"column":56},"end":{"line":85,"column":11}},"line":67},"7":{"name":"(anonymous_7)","decl":{"start":{"line":77,"column":22},"end":{"line":77,"column":23}},"loc":{"start":{"line":77,"column":29},"end":{"line":84,"column":13}},"line":77},"8":{"name":"(anonymous_8)","decl":{"start":{"line":96,"column":17},"end":{"line":96,"column":18}},"loc":{"start":{"line":96,"column":31},"end":{"line":150,"column":1}},"line":96},"9":{"name":"(anonymous_9)","decl":{"start":{"line":101,"column":10},"end":{"line":101,"column":11}},"loc":{"start":{"line":101,"column":25},"end":{"line":149,"column":5}},"line":101},"10":{"name":"(anonymous_10)","decl":{"start":{"line":156,"column":15},"end":{"line":156,"column":16}},"loc":{"start":{"line":156,"column":29},"end":{"line":176,"column":1}},"line":156},"11":{"name":"(anonymous_11)","decl":{"start":{"line":161,"column":10},"end":{"line":161,"column":11}},"loc":{"start":{"line":161,"column":25},"end":{"line":175,"column":5}},"line":161}},"branchMap":{"0":{"loc":{"start":{"line":15,"column":2},"end":{"line":18,"column":3}},"type":"if","locations":[{"start":{"line":15,"column":2},"end":{"line":18,"column":3}},{"start":{},"end":{}}],"line":15},"1":{"loc":{"start":{"line":15,"column":6},"end":{"line":15,"column":102}},"type":"binary-expr","locations":[{"start":{"line":15,"column":6},"end":{"line":15,"column":24}},{"start":{"line":15,"column":28},"end":{"line":15,"column":46}},{"start":{"line":15,"column":50},"end":{"line":15,"column":74}},{"start":{"line":15,"column":78},"end":{"line":15,"column":102}}],"line":15},"2":{"loc":{"start":{"line":24,"column":6},"end":{"line":27,"column":7}},"type":"if","locations":[{"start":{"line":24,"column":6},"end":{"line":27,"column":7}},{"start":{},"end":{}}],"line":24},"3":{"loc":{"start":{"line":29,"column":6},"end":{"line":32,"column":7}},"type":"if","locations":[{"start":{"line":29,"column":6},"end":{"line":32,"column":7}},{"start":{},"end":{}}],"line":29},"4":{"loc":{"start":{"line":39,"column":8},"end":{"line":42,"column":9}},"type":"if","locations":[{"start":{"line":39,"column":8},"end":{"line":42,"column":9}},{"start":{},"end":{}}],"line":39},"5":{"loc":{"start":{"line":44,"column":8},"end":{"line":86,"column":9}},"type":"if","locations":[{"start":{"line":44,"column":8},"end":{"line":86,"column":9}},{"start":{"line":66,"column":15},"end":{"line":86,"column":9}}],"line":44},"6":{"loc":{"start":{"line":50,"column":14},"end":{"line":53,"column":15}},"type":"if","locations":[{"start":{"line":50,"column":14},"end":{"line":53,"column":15}},{"start":{},"end":{}}],"line":50},"7":{"loc":{"start":{"line":57,"column":16},"end":{"line":60,"column":17}},"type":"if","locations":[{"start":{"line":57,"column":16},"end":{"line":60,"column":17}},{"start":{},"end":{}}],"line":57},"8":{"loc":{"start":{"line":68,"column":12},"end":{"line":71,"column":13}},"type":"if","locations":[{"start":{"line":68,"column":12},"end":{"line":71,"column":13}},{"start":{},"end":{}}],"line":68},"9":{"loc":{"start":{"line":72,"column":12},"end":{"line":75,"column":13}},"type":"if","locations":[{"start":{"line":72,"column":12},"end":{"line":75,"column":13}},{"start":{},"end":{}}],"line":72},"10":{"loc":{"start":{"line":72,"column":16},"end":{"line":72,"column":92}},"type":"binary-expr","locations":[{"start":{"line":72,"column":16},"end":{"line":72,"column":30}},{"start":{"line":72,"column":34},"end":{"line":72,"column":48}},{"start":{"line":72,"column":52},"end":{"line":72,"column":70}},{"start":{"line":72,"column":74},"end":{"line":72,"column":92}}],"line":72},"11":{"loc":{"start":{"line":78,"column":14},"end":{"line":81,"column":15}},"type":"if","locations":[{"start":{"line":78,"column":14},"end":{"line":81,"column":15}},{"start":{},"end":{}}],"line":78},"12":{"loc":{"start":{"line":102,"column":6},"end":{"line":105,"column":7}},"type":"if","locations":[{"start":{"line":102,"column":6},"end":{"line":105,"column":7}},{"start":{},"end":{}}],"line":102},"13":{"loc":{"start":{"line":107,"column":6},"end":{"line":109,"column":7}},"type":"if","locations":[{"start":{"line":107,"column":6},"end":{"line":109,"column":7}},{"start":{},"end":{}}],"line":107},"14":{"loc":{"start":{"line":110,"column":6},"end":{"line":113,"column":7}},"type":"if","locations":[{"start":{"line":110,"column":6},"end":{"line":113,"column":7}},{"start":{},"end":{}}],"line":110},"15":{"loc":{"start":{"line":110,"column":10},"end":{"line":110,"column":86}},"type":"binary-expr","locations":[{"start":{"line":110,"column":10},"end":{"line":110,"column":24}},{"start":{"line":110,"column":28},"end":{"line":110,"column":42}},{"start":{"line":110,"column":46},"end":{"line":110,"column":64}},{"start":{"line":110,"column":68},"end":{"line":110,"column":86}}],"line":110},"16":{"loc":{"start":{"line":120,"column":6},"end":{"line":125,"column":7}},"type":"if","locations":[{"start":{"line":120,"column":6},"end":{"line":125,"column":7}},{"start":{},"end":{}}],"line":120},"17":{"loc":{"start":{"line":162,"column":6},"end":{"line":165,"column":7}},"type":"if","locations":[{"start":{"line":162,"column":6},"end":{"line":165,"column":7}},{"start":{},"end":{}}],"line":162},"18":{"loc":{"start":{"line":167,"column":6},"end":{"line":169,"column":7}},"type":"if","locations":[{"start":{"line":167,"column":6},"end":{"line":169,"column":7}},{"start":{},"end":{}}],"line":167}},"s":{"0":1,"1":1,"2":1,"3":1,"4":1,"5":1,"6":1,"7":6,"8":0,"9":0,"10":6,"11":6,"12":0,"13":0,"14":6,"15":1,"16":1,"17":5,"18":5,"19":5,"20":0,"21":0,"22":5,"23":4,"24":4,"25":0,"26":0,"27":4,"28":0,"29":4,"30":4,"31":0,"32":0,"33":4,"34":1,"35":1,"36":0,"37":0,"38":1,"39":0,"40":0,"41":1,"42":1,"43":1,"44":0,"45":0,"46":1,"47":1,"48":11,"49":11,"50":0,"51":0,"52":11,"53":0,"54":11,"55":1,"56":1,"57":10,"58":10,"59":0,"60":10,"61":10,"62":10,"63":10,"64":10,"65":1,"66":10,"67":1,"68":0,"69":0,"70":0,"71":0,"72":0,"73":0,"74":0},"f":{"0":6,"1":6,"2":5,"3":4,"4":0,"5":4,"6":1,"7":1,"8":11,"9":11,"10":0,"11":0},"b":{"0":[0,6],"1":[6,6,6,6],"2":[0,6],"3":[1,5],"4":[0,5],"5":[4,1],"6":[0,4],"7":[0,4],"8":[0,1],"9":[0,1],"10":[1,1,1,1],"11":[0,1],"12":[0,11],"13":[0,11],"14":[1,10],"15":[11,11,11,10],"16":[0,10],"17":[0,0],"18":[0,0]},"_coverageSchema":"1a1c01bbd47fc00a2c39e90264f33305004495a9","hash":"84ce24d9a209d3e9dd4e0b0315cd7c2a40bb7eba"}
,"C:\\Users\\aksha\\OneDrive\\Desktop\\cis3500 project\\agile-github-projects-final-project\\server\\app\\controllers\\bookride.controller.js": {"path":"C:\\Users\\aksha\\OneDrive\\Desktop\\cis3500 project\\agile-github-projects-final-project\\server\\app\\controllers\\bookride.controller.js","statementMap":{"0":{"start":{"line":1,"column":11},"end":{"line":1,"column":31}},"1":{"start":{"line":2,"column":13},"end":{"line":2,"column":20}},"2":{"start":{"line":3,"column":10},"end":{"line":3,"column":33}},"3":{"start":{"line":4,"column":15},"end":{"line":4,"column":47}},"4":{"start":{"line":6,"column":0},"end":{"line":53,"column":2}},"5":{"start":{"line":7,"column":4},"end":{"line":19,"column":5}},"6":{"start":{"line":17,"column":8},"end":{"line":17,"column":58}},"7":{"start":{"line":18,"column":8},"end":{"line":18,"column":15}},"8":{"start":{"line":21,"column":4},"end":{"line":35,"column":5}},"9":{"start":{"line":22,"column":28},"end":{"line":22,"column":53}},"10":{"start":{"line":24,"column":8},"end":{"line":29,"column":9}},"11":{"start":{"line":25,"column":12},"end":{"line":25,"column":63}},"12":{"start":{"line":27,"column":12},"end":{"line":27,"column":39}},"13":{"start":{"line":28,"column":12},"end":{"line":28,"column":72}},"14":{"start":{"line":30,"column":8},"end":{"line":30,"column":28}},"15":{"start":{"line":31,"column":11},"end":{"line":35,"column":5}},"16":{"start":{"line":32,"column":8},"end":{"line":32,"column":60}},"17":{"start":{"line":34,"column":8},"end":{"line":34,"column":61}},"18":{"start":{"line":37,"column":4},"end":{"line":52,"column":7}},"19":{"start":{"line":41,"column":8},"end":{"line":44,"column":9}},"20":{"start":{"line":42,"column":12},"end":{"line":42,"column":51}},"21":{"start":{"line":43,"column":12},"end":{"line":43,"column":19}},"22":{"start":{"line":45,"column":8},"end":{"line":45,"column":41}},"23":{"start":{"line":46,"column":8},"end":{"line":51,"column":9}},"24":{"start":{"line":47,"column":12},"end":{"line":47,"column":62}},"25":{"start":{"line":49,"column":12},"end":{"line":49,"column":77}},"26":{"start":{"line":50,"column":12},"end":{"line":50,"column":19}}},"fnMap":{"0":{"name":"(anonymous_0)","decl":{"start":{"line":6,"column":19},"end":{"line":6,"column":20}},"loc":{"start":{"line":6,"column":33},"end":{"line":53,"column":1}},"line":6},"1":{"name":"(anonymous_1)","decl":{"start":{"line":40,"column":10},"end":{"line":40,"column":11}},"loc":{"start":{"line":40,"column":25},"end":{"line":52,"column":5}},"line":40}},"branchMap":{"0":{"loc":{"start":{"line":7,"column":4},"end":{"line":19,"column":5}},"type":"if","locations":[{"start":{"line":7,"column":4},"end":{"line":19,"column":5}},{"start":{},"end":{}}],"line":7},"1":{"loc":{"start":{"line":7,"column":8},"end":{"line":16,"column":40}},"type":"binary-expr","locations":[{"start":{"line":7,"column":8},"end":{"line":7,"column":33}},{"start":{"line":8,"column":8},"end":{"line":8,"column":34}},{"start":{"line":9,"column":8},"end":{"line":9,"column":31}},{"start":{"line":10,"column":8},"end":{"line":10,"column":35}},{"start":{"line":11,"column":8},"end":{"line":11,"column":34}},{"start":{"line":12,"column":8},"end":{"line":12,"column":39}},{"start":{"line":13,"column":8},"end":{"line":13,"column":40}},{"start":{"line":14,"column":8},"end":{"line":14,"column":37}},{"start":{"line":15,"column":8},"end":{"line":15,"column":41}},{"start":{"line":16,"column":8},"end":{"line":16,"column":40}}],"line":7},"2":{"loc":{"start":{"line":21,"column":4},"end":{"line":35,"column":5}},"type":"if","locations":[{"start":{"line":21,"column":4},"end":{"line":35,"column":5}},{"start":{"line":31,"column":11},"end":{"line":35,"column":5}}],"line":21},"3":{"loc":{"start":{"line":21,"column":8},"end":{"line":21,"column":48}},"type":"binary-expr","locations":[{"start":{"line":21,"column":8},"end":{"line":21,"column":19}},{"start":{"line":21,"column":23},"end":{"line":21,"column":48}}],"line":21},"4":{"loc":{"start":{"line":31,"column":11},"end":{"line":35,"column":5}},"type":"if","locations":[{"start":{"line":31,"column":11},"end":{"line":35,"column":5}},{"start":{"line":33,"column":11},"end":{"line":35,"column":5}}],"line":31},"5":{"loc":{"start":{"line":41,"column":8},"end":{"line":44,"column":9}},"type":"if","locations":[{"start":{"line":41,"column":8},"end":{"line":44,"column":9}},{"start":{},"end":{}}],"line":41},"6":{"loc":{"start":{"line":46,"column":8},"end":{"line":51,"column":9}},"type":"if","locations":[{"start":{"line":46,"column":8},"end":{"line":51,"column":9}},{"start":{"line":48,"column":15},"end":{"line":51,"column":9}}],"line":46}},"s":{"0":1,"1":1,"2":1,"3":1,"4":1,"5":3,"6":1,"7":1,"8":2,"9":1,"10":1,"11":1,"12":0,"13":0,"14":1,"15":1,"16":1,"17":0,"18":1,"19":1,"20":0,"21":0,"22":1,"23":1,"24":0,"25":1,"26":1},"f":{"0":3,"1":1},"b":{"0":[1,2],"1":[3,2,2,2,2,2,2,2,2,2],"2":[1,1],"3":[2,2],"4":[1,0],"5":[0,1],"6":[0,1]},"_coverageSchema":"1a1c01bbd47fc00a2c39e90264f33305004495a9","hash":"2f4ae6173a6a06c9820fbe763fce68117319a31d"}
,"C:\\Users\\aksha\\OneDrive\\Desktop\\cis3500 project\\agile-github-projects-final-project\\server\\app\\controllers\\profile.controller.js": {"path":"C:\\Users\\aksha\\OneDrive\\Desktop\\cis3500 project\\agile-github-projects-final-project\\server\\app\\controllers\\profile.controller.js","statementMap":{"0":{"start":{"line":1,"column":11},"end":{"line":1,"column":31}},"1":{"start":{"line":2,"column":13},"end":{"line":2,"column":20}},"2":{"start":{"line":3,"column":10},"end":{"line":3,"column":33}},"3":{"start":{"line":4,"column":15},"end":{"line":4,"column":47}},"4":{"start":{"line":5,"column":0},"end":{"line":31,"column":2}},"5":{"start":{"line":6,"column":4},"end":{"line":9,"column":5}},"6":{"start":{"line":7,"column":8},"end":{"line":7,"column":60}},"7":{"start":{"line":8,"column":8},"end":{"line":8,"column":15}},"8":{"start":{"line":10,"column":4},"end":{"line":30,"column":7}},"9":{"start":{"line":14,"column":8},"end":{"line":17,"column":9}},"10":{"start":{"line":15,"column":12},"end":{"line":15,"column":51}},"11":{"start":{"line":16,"column":12},"end":{"line":16,"column":19}},"12":{"start":{"line":18,"column":8},"end":{"line":18,"column":41}},"13":{"start":{"line":19,"column":8},"end":{"line":29,"column":9}},"14":{"start":{"line":20,"column":12},"end":{"line":20,"column":62}},"15":{"start":{"line":22,"column":12},"end":{"line":28,"column":15}},"16":{"start":{"line":33,"column":0},"end":{"line":76,"column":2}},"17":{"start":{"line":35,"column":4},"end":{"line":49,"column":5}},"18":{"start":{"line":36,"column":28},"end":{"line":36,"column":53}},"19":{"start":{"line":38,"column":8},"end":{"line":43,"column":9}},"20":{"start":{"line":39,"column":12},"end":{"line":39,"column":63}},"21":{"start":{"line":41,"column":12},"end":{"line":41,"column":39}},"22":{"start":{"line":42,"column":12},"end":{"line":42,"column":72}},"23":{"start":{"line":44,"column":8},"end":{"line":44,"column":28}},"24":{"start":{"line":45,"column":11},"end":{"line":49,"column":5}},"25":{"start":{"line":46,"column":8},"end":{"line":46,"column":60}},"26":{"start":{"line":48,"column":8},"end":{"line":48,"column":61}},"27":{"start":{"line":50,"column":19},"end":{"line":50,"column":31}},"28":{"start":{"line":53,"column":19},"end":{"line":57,"column":5}},"29":{"start":{"line":58,"column":4},"end":{"line":75,"column":7}},"30":{"start":{"line":60,"column":8},"end":{"line":63,"column":9}},"31":{"start":{"line":61,"column":12},"end":{"line":61,"column":51}},"32":{"start":{"line":62,"column":12},"end":{"line":62,"column":19}},"33":{"start":{"line":64,"column":8},"end":{"line":64,"column":34}},"34":{"start":{"line":65,"column":8},"end":{"line":67,"column":9}},"35":{"start":{"line":66,"column":12},"end":{"line":66,"column":62}},"36":{"start":{"line":68,"column":8},"end":{"line":74,"column":11}},"37":{"start":{"line":78,"column":0},"end":{"line":112,"column":2}},"38":{"start":{"line":80,"column":4},"end":{"line":94,"column":5}},"39":{"start":{"line":81,"column":28},"end":{"line":81,"column":53}},"40":{"start":{"line":83,"column":8},"end":{"line":88,"column":9}},"41":{"start":{"line":84,"column":12},"end":{"line":84,"column":63}},"42":{"start":{"line":86,"column":12},"end":{"line":86,"column":39}},"43":{"start":{"line":87,"column":12},"end":{"line":87,"column":72}},"44":{"start":{"line":89,"column":8},"end":{"line":89,"column":28}},"45":{"start":{"line":90,"column":11},"end":{"line":94,"column":5}},"46":{"start":{"line":91,"column":8},"end":{"line":91,"column":60}},"47":{"start":{"line":93,"column":8},"end":{"line":93,"column":61}},"48":{"start":{"line":95,"column":19},"end":{"line":95,"column":31}},"49":{"start":{"line":96,"column":19},"end":{"line":98,"column":5}},"50":{"start":{"line":99,"column":4},"end":{"line":111,"column":7}},"51":{"start":{"line":101,"column":8},"end":{"line":104,"column":9}},"52":{"start":{"line":102,"column":12},"end":{"line":102,"column":51}},"53":{"start":{"line":103,"column":12},"end":{"line":103,"column":19}},"54":{"start":{"line":105,"column":8},"end":{"line":108,"column":9}},"55":{"start":{"line":106,"column":12},"end":{"line":106,"column":62}},"56":{"start":{"line":107,"column":12},"end":{"line":107,"column":19}},"57":{"start":{"line":109,"column":8},"end":{"line":109,"column":30}},"58":{"start":{"line":110,"column":8},"end":{"line":110,"column":72}},"59":{"start":{"line":114,"column":0},"end":{"line":140,"column":2}},"60":{"start":{"line":116,"column":4},"end":{"line":130,"column":5}},"61":{"start":{"line":117,"column":28},"end":{"line":117,"column":53}},"62":{"start":{"line":119,"column":8},"end":{"line":124,"column":9}},"63":{"start":{"line":120,"column":12},"end":{"line":120,"column":63}},"64":{"start":{"line":122,"column":12},"end":{"line":122,"column":39}},"65":{"start":{"line":123,"column":12},"end":{"line":123,"column":72}},"66":{"start":{"line":125,"column":8},"end":{"line":125,"column":28}},"67":{"start":{"line":126,"column":11},"end":{"line":130,"column":5}},"68":{"start":{"line":127,"column":8},"end":{"line":127,"column":60}},"69":{"start":{"line":129,"column":8},"end":{"line":129,"column":61}},"70":{"start":{"line":131,"column":19},"end":{"line":131,"column":31}},"71":{"start":{"line":132,"column":4},"end":{"line":139,"column":7}},"72":{"start":{"line":134,"column":8},"end":{"line":136,"column":9}},"73":{"start":{"line":135,"column":12},"end":{"line":135,"column":62}},"74":{"start":{"line":137,"column":8},"end":{"line":137,"column":21}},"75":{"start":{"line":138,"column":8},"end":{"line":138,"column":69}}},"fnMap":{"0":{"name":"(anonymous_0)","decl":{"start":{"line":5,"column":23},"end":{"line":5,"column":24}},"loc":{"start":{"line":5,"column":37},"end":{"line":31,"column":1}},"line":5},"1":{"name":"(anonymous_1)","decl":{"start":{"line":13,"column":10},"end":{"line":13,"column":11}},"loc":{"start":{"line":13,"column":25},"end":{"line":30,"column":5}},"line":13},"2":{"name":"(anonymous_2)","decl":{"start":{"line":33,"column":24},"end":{"line":33,"column":25}},"loc":{"start":{"line":33,"column":38},"end":{"line":76,"column":1}},"line":33},"3":{"name":"(anonymous_3)","decl":{"start":{"line":59,"column":10},"end":{"line":59,"column":11}},"loc":{"start":{"line":59,"column":25},"end":{"line":75,"column":5}},"line":59},"4":{"name":"(anonymous_4)","decl":{"start":{"line":78,"column":17},"end":{"line":78,"column":18}},"loc":{"start":{"line":78,"column":31},"end":{"line":112,"column":1}},"line":78},"5":{"name":"(anonymous_5)","decl":{"start":{"line":100,"column":10},"end":{"line":100,"column":11}},"loc":{"start":{"line":100,"column":25},"end":{"line":111,"column":5}},"line":100},"6":{"name":"(anonymous_6)","decl":{"start":{"line":114,"column":24},"end":{"line":114,"column":25}},"loc":{"start":{"line":114,"column":38},"end":{"line":140,"column":1}},"line":114},"7":{"name":"(anonymous_7)","decl":{"start":{"line":133,"column":10},"end":{"line":133,"column":11}},"loc":{"start":{"line":133,"column":17},"end":{"line":139,"column":5}},"line":133}},"branchMap":{"0":{"loc":{"start":{"line":6,"column":4},"end":{"line":9,"column":5}},"type":"if","locations":[{"start":{"line":6,"column":4},"end":{"line":9,"column":5}},{"start":{},"end":{}}],"line":6},"1":{"loc":{"start":{"line":6,"column":8},"end":{"line":6,"column":103}},"type":"binary-expr","locations":[{"start":{"line":6,"column":8},"end":{"line":6,"column":34}},{"start":{"line":6,"column":38},"end":{"line":6,"column":71}},{"start":{"line":6,"column":75},"end":{"line":6,"column":103}}],"line":6},"2":{"loc":{"start":{"line":14,"column":8},"end":{"line":17,"column":9}},"type":"if","locations":[{"start":{"line":14,"column":8},"end":{"line":17,"column":9}},{"start":{},"end":{}}],"line":14},"3":{"loc":{"start":{"line":19,"column":8},"end":{"line":29,"column":9}},"type":"if","locations":[{"start":{"line":19,"column":8},"end":{"line":29,"column":9}},{"start":{"line":21,"column":15},"end":{"line":29,"column":9}}],"line":19},"4":{"loc":{"start":{"line":23,"column":23},"end":{"line":23,"column":39}},"type":"binary-expr","locations":[{"start":{"line":23,"column":23},"end":{"line":23,"column":33}},{"start":{"line":23,"column":37},"end":{"line":23,"column":39}}],"line":23},"5":{"loc":{"start":{"line":24,"column":33},"end":{"line":24,"column":59}},"type":"binary-expr","locations":[{"start":{"line":24,"column":33},"end":{"line":24,"column":53}},{"start":{"line":24,"column":57},"end":{"line":24,"column":59}}],"line":24},"6":{"loc":{"start":{"line":25,"column":23},"end":{"line":25,"column":39}},"type":"binary-expr","locations":[{"start":{"line":25,"column":23},"end":{"line":25,"column":33}},{"start":{"line":25,"column":37},"end":{"line":25,"column":39}}],"line":25},"7":{"loc":{"start":{"line":26,"column":31},"end":{"line":26,"column":55}},"type":"binary-expr","locations":[{"start":{"line":26,"column":31},"end":{"line":26,"column":49}},{"start":{"line":26,"column":53},"end":{"line":26,"column":55}}],"line":26},"8":{"loc":{"start":{"line":27,"column":27},"end":{"line":27,"column":47}},"type":"binary-expr","locations":[{"start":{"line":27,"column":27},"end":{"line":27,"column":41}},{"start":{"line":27,"column":45},"end":{"line":27,"column":47}}],"line":27},"9":{"loc":{"start":{"line":35,"column":4},"end":{"line":49,"column":5}},"type":"if","locations":[{"start":{"line":35,"column":4},"end":{"line":49,"column":5}},{"start":{"line":45,"column":11},"end":{"line":49,"column":5}}],"line":35},"10":{"loc":{"start":{"line":35,"column":8},"end":{"line":35,"column":48}},"type":"binary-expr","locations":[{"start":{"line":35,"column":8},"end":{"line":35,"column":19}},{"start":{"line":35,"column":23},"end":{"line":35,"column":48}}],"line":35},"11":{"loc":{"start":{"line":45,"column":11},"end":{"line":49,"column":5}},"type":"if","locations":[{"start":{"line":45,"column":11},"end":{"line":49,"column":5}},{"start":{"line":47,"column":11},"end":{"line":49,"column":5}}],"line":45},"12":{"loc":{"start":{"line":60,"column":8},"end":{"line":63,"column":9}},"type":"if","locations":[{"start":{"line":60,"column":8},"end":{"line":63,"column":9}},{"start":{},"end":{}}],"line":60},"13":{"loc":{"start":{"line":65,"column":8},"end":{"line":67,"column":9}},"type":"if","locations":[{"start":{"line":65,"column":8},"end":{"line":67,"column":9}},{"start":{},"end":{}}],"line":65},"14":{"loc":{"start":{"line":69,"column":19},"end":{"line":69,"column":35}},"type":"binary-expr","locations":[{"start":{"line":69,"column":19},"end":{"line":69,"column":29}},{"start":{"line":69,"column":33},"end":{"line":69,"column":35}}],"line":69},"15":{"loc":{"start":{"line":70,"column":29},"end":{"line":70,"column":55}},"type":"binary-expr","locations":[{"start":{"line":70,"column":29},"end":{"line":70,"column":49}},{"start":{"line":70,"column":53},"end":{"line":70,"column":55}}],"line":70},"16":{"loc":{"start":{"line":71,"column":19},"end":{"line":71,"column":35}},"type":"binary-expr","locations":[{"start":{"line":71,"column":19},"end":{"line":71,"column":29}},{"start":{"line":71,"column":33},"end":{"line":71,"column":35}}],"line":71},"17":{"loc":{"start":{"line":72,"column":27},"end":{"line":72,"column":51}},"type":"binary-expr","locations":[{"start":{"line":72,"column":27},"end":{"line":72,"column":45}},{"start":{"line":72,"column":49},"end":{"line":72,"column":51}}],"line":72},"18":{"loc":{"start":{"line":73,"column":23},"end":{"line":73,"column":43}},"type":"binary-expr","locations":[{"start":{"line":73,"column":23},"end":{"line":73,"column":37}},{"start":{"line":73,"column":41},"end":{"line":73,"column":43}}],"line":73},"19":{"loc":{"start":{"line":80,"column":4},"end":{"line":94,"column":5}},"type":"if","locations":[{"start":{"line":80,"column":4},"end":{"line":94,"column":5}},{"start":{"line":90,"column":11},"end":{"line":94,"column":5}}],"line":80},"20":{"loc":{"start":{"line":80,"column":8},"end":{"line":80,"column":48}},"type":"binary-expr","locations":[{"start":{"line":80,"column":8},"end":{"line":80,"column":19}},{"start":{"line":80,"column":23},"end":{"line":80,"column":48}}],"line":80},"21":{"loc":{"start":{"line":90,"column":11},"end":{"line":94,"column":5}},"type":"if","locations":[{"start":{"line":90,"column":11},"end":{"line":94,"column":5}},{"start":{"line":92,"column":11},"end":{"line":94,"column":5}}],"line":90},"22":{"loc":{"start":{"line":101,"column":8},"end":{"line":104,"column":9}},"type":"if","locations":[{"start":{"line":101,"column":8},"end":{"line":104,"column":9}},{"start":{},"end":{}}],"line":101},"23":{"loc":{"start":{"line":105,"column":8},"end":{"line":108,"column":9}},"type":"if","locations":[{"start":{"line":105,"column":8},"end":{"line":108,"column":9}},{"start":{},"end":{}}],"line":105},"24":{"loc":{"start":{"line":116,"column":4},"end":{"line":130,"column":5}},"type":"if","locations":[{"start":{"line":116,"column":4},"end":{"line":130,"column":5}},{"start":{"line":126,"column":11},"end":{"line":130,"column":5}}],"line":116},"25":{"loc":{"start":{"line":116,"column":8},"end":{"line":116,"column":48}},"type":"binary-expr","locations":[{"start":{"line":116,"column":8},"end":{"line":116,"column":19}},{"start":{"line":116,"column":23},"end":{"line":116,"column":48}}],"line":116},"26":{"loc":{"start":{"line":126,"column":11},"end":{"line":130,"column":5}},"type":"if","locations":[{"start":{"line":126,"column":11},"end":{"line":130,"column":5}},{"start":{"line":128,"column":11},"end":{"line":130,"column":5}}],"line":126},"27":{"loc":{"start":{"line":134,"column":8},"end":{"line":136,"column":9}},"type":"if","locations":[{"start":{"line":134,"column":8},"end":{"line":136,"column":9}},{"start":{},"end":{}}],"line":134},"28":{"loc":{"start":{"line":134,"column":12},"end":{"line":134,"column":32}},"type":"binary-expr","locations":[{"start":{"line":134,"column":12},"end":{"line":134,"column":16}},{"start":{"line":134,"column":20},"end":{"line":134,"column":32}}],"line":134}},"s":{"0":1,"1":1,"2":1,"3":1,"4":1,"5":2,"6":0,"7":0,"8":2,"9":2,"10":0,"11":0,"12":2,"13":2,"14":1,"15":1,"16":1,"17":3,"18":3,"19":3,"20":3,"21":0,"22":0,"23":3,"24":0,"25":0,"26":0,"27":3,"28":3,"29":3,"30":3,"31":0,"32":0,"33":3,"34":3,"35":0,"36":3,"37":1,"38":1,"39":1,"40":1,"41":1,"42":0,"43":0,"44":1,"45":0,"46":0,"47":0,"48":1,"49":1,"50":1,"51":1,"52":0,"53":0,"54":1,"55":0,"56":0,"57":1,"58":1,"59":1,"60":5,"61":5,"62":5,"63":5,"64":0,"65":0,"66":5,"67":0,"68":0,"69":0,"70":5,"71":5,"72":5,"73":0,"74":5,"75":5},"f":{"0":2,"1":2,"2":3,"3":3,"4":1,"5":1,"6":5,"7":5},"b":{"0":[0,2],"1":[2,2,2],"2":[0,2],"3":[1,1],"4":[1,1],"5":[1,1],"6":[1,1],"7":[1,1],"8":[1,1],"9":[3,0],"10":[3,3],"11":[0,0],"12":[0,3],"13":[0,3],"14":[3,3],"15":[3,3],"16":[3,3],"17":[3,3],"18":[3,3],"19":[1,0],"20":[1,1],"21":[0,0],"22":[0,1],"23":[0,1],"24":[5,0],"25":[5,5],"26":[0,0],"27":[0,5],"28":[5,5]},"_coverageSchema":"1a1c01bbd47fc00a2c39e90264f33305004495a9","hash":"2f68d8a25e3613bab9cf75a8cc07e750ecac1ed1"}
,"C:\\Users\\aksha\\OneDrive\\Desktop\\cis3500 project\\agile-github-projects-final-project\\server\\app\\controllers\\user.controller.js": {"path":"C:\\Users\\aksha\\OneDrive\\Desktop\\cis3500 project\\agile-github-projects-final-project\\server\\app\\controllers\\user.controller.js","statementMap":{"0":{"start":{"line":6,"column":0},"end":{"line":9,"column":2}},"1":{"start":{"line":8,"column":2},"end":{"line":8,"column":42}},"2":{"start":{"line":16,"column":0},"end":{"line":19,"column":2}},"3":{"start":{"line":18,"column":2},"end":{"line":18,"column":40}},"4":{"start":{"line":26,"column":0},"end":{"line":29,"column":2}},"5":{"start":{"line":28,"column":2},"end":{"line":28,"column":41}},"6":{"start":{"line":36,"column":0},"end":{"line":39,"column":2}},"7":{"start":{"line":38,"column":2},"end":{"line":38,"column":45}}},"fnMap":{"0":{"name":"(anonymous_0)","decl":{"start":{"line":6,"column":20},"end":{"line":6,"column":21}},"loc":{"start":{"line":6,"column":34},"end":{"line":9,"column":1}},"line":6},"1":{"name":"(anonymous_1)","decl":{"start":{"line":16,"column":20},"end":{"line":16,"column":21}},"loc":{"start":{"line":16,"column":34},"end":{"line":19,"column":1}},"line":16},"2":{"name":"(anonymous_2)","decl":{"start":{"line":26,"column":21},"end":{"line":26,"column":22}},"loc":{"start":{"line":26,"column":35},"end":{"line":29,"column":1}},"line":26},"3":{"name":"(anonymous_3)","decl":{"start":{"line":36,"column":25},"end":{"line":36,"column":26}},"loc":{"start":{"line":36,"column":39},"end":{"line":39,"column":1}},"line":36}},"branchMap":{},"s":{"0":1,"1":0,"2":1,"3":0,"4":1,"5":0,"6":1,"7":0},"f":{"0":0,"1":0,"2":0,"3":0},"b":{},"_coverageSchema":"1a1c01bbd47fc00a2c39e90264f33305004495a9","hash":"954f6b9702c9d505e7d4bbd99b831c33624f28e2"}
,"C:\\Users\\aksha\\OneDrive\\Desktop\\cis3500 project\\agile-github-projects-final-project\\server\\app\\middlewares\\authJwt.js": {"path":"C:\\Users\\aksha\\OneDrive\\Desktop\\cis3500 project\\agile-github-projects-final-project\\server\\app\\middlewares\\authJwt.js","statementMap":{"0":{"start":{"line":1,"column":12},"end":{"line":1,"column":35}},"1":{"start":{"line":2,"column":15},"end":{"line":2,"column":50}},"2":{"start":{"line":3,"column":11},"end":{"line":3,"column":40}},"3":{"start":{"line":4,"column":13},"end":{"line":4,"column":20}},"4":{"start":{"line":5,"column":13},"end":{"line":5,"column":20}},"5":{"start":{"line":89,"column":16},"end":{"line":91,"column":1}},"6":{"start":{"line":92,"column":0},"end":{"line":92,"column":25}}},"fnMap":{},"branchMap":{},"s":{"0":1,"1":1,"2":1,"3":1,"4":1,"5":1,"6":1},"f":{},"b":{},"_coverageSchema":"1a1c01bbd47fc00a2c39e90264f33305004495a9","hash":"75483ae34e159b7d3b31d44919867252bf67b1a6"}
,"C:\\Users\\aksha\\OneDrive\\Desktop\\cis3500 project\\agile-github-projects-final-project\\server\\app\\middlewares\\index.js": {"path":"C:\\Users\\aksha\\OneDrive\\Desktop\\cis3500 project\\agile-github-projects-final-project\\server\\app\\middlewares\\index.js","statementMap":{"0":{"start":{"line":1,"column":16},"end":{"line":1,"column":36}},"1":{"start":{"line":2,"column":21},"end":{"line":2,"column":46}},"2":{"start":{"line":4,"column":0},"end":{"line":7,"column":2}}},"fnMap":{},"branchMap":{},"s":{"0":1,"1":1,"2":1},"f":{},"b":{},"_coverageSchema":"1a1c01bbd47fc00a2c39e90264f33305004495a9","hash":"e920231d315c08782c5ada9f277468f5b71f47dd"}
,"C:\\Users\\aksha\\OneDrive\\Desktop\\cis3500 project\\agile-github-projects-final-project\\server\\app\\middlewares\\verifySignUp.js": {"path":"C:\\Users\\aksha\\OneDrive\\Desktop\\cis3500 project\\agile-github-projects-final-project\\server\\app\\middlewares\\verifySignUp.js","statementMap":{},"fnMap":{},"branchMap":{},"s":{},"f":{},"b":{},"_coverageSchema":"1a1c01bbd47fc00a2c39e90264f33305004495a9","hash":"577c4fb6cf258a0461535e987a559f494eb391b9"}
,"C:\\Users\\aksha\\OneDrive\\Desktop\\cis3500 project\\agile-github-projects-final-project\\server\\app\\models\\database.js": {"path":"C:\\Users\\aksha\\OneDrive\\Desktop\\cis3500 project\\agile-github-projects-final-project\\server\\app\\models\\database.js","statementMap":{"0":{"start":{"line":1,"column":17},"end":{"line":1,"column":36}},"1":{"start":{"line":2,"column":17},"end":{"line":4,"column":1}},"2":{"start":{"line":6,"column":13},"end":{"line":6,"column":44}},"3":{"start":{"line":9,"column":2},"end":{"line":22,"column":5}},"4":{"start":{"line":10,"column":4},"end":{"line":21,"column":5}},"5":{"start":{"line":12,"column":6},"end":{"line":20,"column":9}},"6":{"start":{"line":13,"column":8},"end":{"line":19,"column":11}},"7":{"start":{"line":14,"column":10},"end":{"line":18,"column":11}},"8":{"start":{"line":15,"column":12},"end":{"line":15,"column":75}},"9":{"start":{"line":17,"column":12},"end":{"line":17,"column":63}},"10":{"start":{"line":25,"column":0},"end":{"line":34,"column":3}},"11":{"start":{"line":29,"column":2},"end":{"line":29,"column":52}},"12":{"start":{"line":30,"column":2},"end":{"line":30,"column":12}},"13":{"start":{"line":32,"column":2},"end":{"line":32,"column":41}},"14":{"start":{"line":33,"column":2},"end":{"line":33,"column":17}},"15":{"start":{"line":36,"column":0},"end":{"line":36,"column":26}}},"fnMap":{"0":{"name":"initial","decl":{"start":{"line":8,"column":9},"end":{"line":8,"column":16}},"loc":{"start":{"line":8,"column":19},"end":{"line":23,"column":1}},"line":8},"1":{"name":"(anonymous_1)","decl":{"start":{"line":9,"column":30},"end":{"line":9,"column":31}},"loc":{"start":{"line":9,"column":46},"end":{"line":22,"column":3}},"line":9},"2":{"name":"(anonymous_2)","decl":{"start":{"line":12,"column":45},"end":{"line":12,"column":46}},"loc":{"start":{"line":12,"column":53},"end":{"line":20,"column":7}},"line":12},"3":{"name":"(anonymous_3)","decl":{"start":{"line":13,"column":38},"end":{"line":13,"column":39}},"loc":{"start":{"line":13,"column":47},"end":{"line":19,"column":9}},"line":13},"4":{"name":"(anonymous_4)","decl":{"start":{"line":28,"column":8},"end":{"line":28,"column":9}},"loc":{"start":{"line":28,"column":14},"end":{"line":31,"column":1}},"line":28},"5":{"name":"(anonymous_5)","decl":{"start":{"line":31,"column":9},"end":{"line":31,"column":10}},"loc":{"start":{"line":31,"column":16},"end":{"line":34,"column":1}},"line":31}},"branchMap":{"0":{"loc":{"start":{"line":10,"column":4},"end":{"line":21,"column":5}},"type":"if","locations":[{"start":{"line":10,"column":4},"end":{"line":21,"column":5}},{"start":{},"end":{}}],"line":10},"1":{"loc":{"start":{"line":10,"column":8},"end":{"line":10,"column":27}},"type":"binary-expr","locations":[{"start":{"line":10,"column":8},"end":{"line":10,"column":12}},{"start":{"line":10,"column":16},"end":{"line":10,"column":27}}],"line":10},"2":{"loc":{"start":{"line":14,"column":10},"end":{"line":18,"column":11}},"type":"if","locations":[{"start":{"line":14,"column":10},"end":{"line":18,"column":11}},{"start":{"line":16,"column":17},"end":{"line":18,"column":11}}],"line":14}},"s":{"0":1,"1":1,"2":1,"3":1,"4":1,"5":0,"6":0,"7":0,"8":0,"9":0,"10":1,"11":1,"12":1,"13":0,"14":0,"15":1},"f":{"0":1,"1":1,"2":0,"3":0,"4":1,"5":0},"b":{"0":[0,1],"1":[1,1],"2":[0,0]},"_coverageSchema":"1a1c01bbd47fc00a2c39e90264f33305004495a9","hash":"3269775532e87bf70dfbf7066f5cc07f5326eb7e"}
,"C:\\Users\\aksha\\OneDrive\\Desktop\\cis3500 project\\agile-github-projects-final-project\\server\\app\\models\\index.js": {"path":"C:\\Users\\aksha\\OneDrive\\Desktop\\cis3500 project\\agile-github-projects-final-project\\server\\app\\models\\index.js","statementMap":{"0":{"start":{"line":1,"column":17},"end":{"line":1,"column":36}},"1":{"start":{"line":2,"column":0},"end":{"line":2,"column":34}},"2":{"start":{"line":4,"column":11},"end":{"line":4,"column":13}},"3":{"start":{"line":6,"column":0},"end":{"line":6,"column":23}},"4":{"start":{"line":8,"column":0},"end":{"line":8,"column":34}},"5":{"start":{"line":9,"column":0},"end":{"line":9,"column":34}},"6":{"start":{"line":11,"column":0},"end":{"line":11,"column":42}},"7":{"start":{"line":13,"column":0},"end":{"line":13,"column":20}}},"fnMap":{},"branchMap":{},"s":{"0":1,"1":1,"2":1,"3":1,"4":1,"5":1,"6":1,"7":1},"f":{},"b":{},"_coverageSchema":"1a1c01bbd47fc00a2c39e90264f33305004495a9","hash":"be7200346cfa6d4450e9c539c34c39e9c66b39c4"}
,"C:\\Users\\aksha\\OneDrive\\Desktop\\cis3500 project\\agile-github-projects-final-project\\server\\app\\models\\role.model.js": {"path":"C:\\Users\\aksha\\OneDrive\\Desktop\\cis3500 project\\agile-github-projects-final-project\\server\\app\\models\\role.model.js","statementMap":{"0":{"start":{"line":1,"column":17},"end":{"line":1,"column":36}},"1":{"start":{"line":3,"column":13},"end":{"line":8,"column":1}},"2":{"start":{"line":10,"column":0},"end":{"line":10,"column":22}}},"fnMap":{},"branchMap":{},"s":{"0":1,"1":1,"2":1},"f":{},"b":{},"_coverageSchema":"1a1c01bbd47fc00a2c39e90264f33305004495a9","hash":"3d919b18aaeb5695b4eb338b9406420e7bb48c8d"}
,"C:\\Users\\aksha\\OneDrive\\Desktop\\cis3500 project\\agile-github-projects-final-project\\server\\app\\models\\user.model.js": {"path":"C:\\Users\\aksha\\OneDrive\\Desktop\\cis3500 project\\agile-github-projects-final-project\\server\\app\\models\\user.model.js","statementMap":{"0":{"start":{"line":1,"column":17},"end":{"line":1,"column":36}},"1":{"start":{"line":3,"column":13},"end":{"line":21,"column":1}},"2":{"start":{"line":23,"column":0},"end":{"line":23,"column":22}}},"fnMap":{},"branchMap":{},"s":{"0":1,"1":1,"2":1},"f":{},"b":{},"_coverageSchema":"1a1c01bbd47fc00a2c39e90264f33305004495a9","hash":"8e0186f8bad879470b6422b8ecc3c18da62f1803"}
,"C:\\Users\\aksha\\OneDrive\\Desktop\\cis3500 project\\agile-github-projects-final-project\\server\\app\\routes\\auth.routes.js": {"path":"C:\\Users\\aksha\\OneDrive\\Desktop\\cis3500 project\\agile-github-projects-final-project\\server\\app\\routes\\auth.routes.js","statementMap":{"0":{"start":{"line":1,"column":25},"end":{"line":1,"column":50}},"1":{"start":{"line":2,"column":19},"end":{"line":2,"column":60}},"2":{"start":{"line":9,"column":0},"end":{"line":32,"column":2}},"3":{"start":{"line":10,"column":2},"end":{"line":17,"column":5}},"4":{"start":{"line":12,"column":4},"end":{"line":15,"column":6}},"5":{"start":{"line":16,"column":4},"end":{"line":16,"column":11}},"6":{"start":{"line":20,"column":2},"end":{"line":27,"column":4}},"7":{"start":{"line":29,"column":2},"end":{"line":29,"column":50}},"8":{"start":{"line":31,"column":2},"end":{"line":31,"column":46}}},"fnMap":{"0":{"name":"(anonymous_0)","decl":{"start":{"line":9,"column":17},"end":{"line":9,"column":18}},"loc":{"start":{"line":9,"column":31},"end":{"line":32,"column":1}},"line":9},"1":{"name":"(anonymous_1)","decl":{"start":{"line":10,"column":10},"end":{"line":10,"column":11}},"loc":{"start":{"line":10,"column":35},"end":{"line":17,"column":3}},"line":10}},"branchMap":{},"s":{"0":1,"1":1,"2":1,"3":1,"4":31,"5":31,"6":1,"7":1,"8":1},"f":{"0":1,"1":31},"b":{},"_coverageSchema":"1a1c01bbd47fc00a2c39e90264f33305004495a9","hash":"d0812074d0f8da342ebec0732462c646c4aab6d6"}
,"C:\\Users\\aksha\\OneDrive\\Desktop\\cis3500 project\\agile-github-projects-final-project\\server\\app\\routes\\booking.routes.js": {"path":"C:\\Users\\aksha\\OneDrive\\Desktop\\cis3500 project\\agile-github-projects-final-project\\server\\app\\routes\\booking.routes.js","statementMap":{"0":{"start":{"line":1,"column":19},"end":{"line":1,"column":64}},"1":{"start":{"line":7,"column":0},"end":{"line":19,"column":2}},"2":{"start":{"line":8,"column":2},"end":{"line":15,"column":5}},"3":{"start":{"line":10,"column":4},"end":{"line":13,"column":6}},"4":{"start":{"line":14,"column":4},"end":{"line":14,"column":11}},"5":{"start":{"line":17,"column":2},"end":{"line":17,"column":49}}},"fnMap":{"0":{"name":"(anonymous_0)","decl":{"start":{"line":7,"column":17},"end":{"line":7,"column":18}},"loc":{"start":{"line":7,"column":31},"end":{"line":19,"column":1}},"line":7},"1":{"name":"(anonymous_1)","decl":{"start":{"line":8,"column":10},"end":{"line":8,"column":11}},"loc":{"start":{"line":8,"column":35},"end":{"line":15,"column":3}},"line":8}},"branchMap":{},"s":{"0":1,"1":1,"2":1,"3":3,"4":3,"5":1},"f":{"0":1,"1":3},"b":{},"_coverageSchema":"1a1c01bbd47fc00a2c39e90264f33305004495a9","hash":"832735161fe2de316576b843e4a31bf639c7bcfe"}
,"C:\\Users\\aksha\\OneDrive\\Desktop\\cis3500 project\\agile-github-projects-final-project\\server\\app\\routes\\profile.routes.js": {"path":"C:\\Users\\aksha\\OneDrive\\Desktop\\cis3500 project\\agile-github-projects-final-project\\server\\app\\routes\\profile.routes.js","statementMap":{"0":{"start":{"line":1,"column":19},"end":{"line":1,"column":63}},"1":{"start":{"line":7,"column":0},"end":{"line":24,"column":2}},"2":{"start":{"line":8,"column":2},"end":{"line":15,"column":5}},"3":{"start":{"line":10,"column":4},"end":{"line":13,"column":6}},"4":{"start":{"line":14,"column":4},"end":{"line":14,"column":11}},"5":{"start":{"line":17,"column":2},"end":{"line":17,"column":67}},"6":{"start":{"line":19,"column":2},"end":{"line":19,"column":60}},"7":{"start":{"line":21,"column":2},"end":{"line":21,"column":60}},"8":{"start":{"line":23,"column":2},"end":{"line":23,"column":53}}},"fnMap":{"0":{"name":"(anonymous_0)","decl":{"start":{"line":7,"column":17},"end":{"line":7,"column":18}},"loc":{"start":{"line":7,"column":31},"end":{"line":24,"column":1}},"line":7},"1":{"name":"(anonymous_1)","decl":{"start":{"line":8,"column":10},"end":{"line":8,"column":11}},"loc":{"start":{"line":8,"column":35},"end":{"line":15,"column":3}},"line":8}},"branchMap":{},"s":{"0":1,"1":1,"2":1,"3":14,"4":14,"5":1,"6":1,"7":1,"8":1},"f":{"0":1,"1":14},"b":{},"_coverageSchema":"1a1c01bbd47fc00a2c39e90264f33305004495a9","hash":"353d69f7d86ffa056d76e634da9bb00b40064bec"}
,"C:\\Users\\aksha\\OneDrive\\Desktop\\cis3500 project\\agile-github-projects-final-project\\server\\app\\routes\\user.routes.js": {"path":"C:\\Users\\aksha\\OneDrive\\Desktop\\cis3500 project\\agile-github-projects-final-project\\server\\app\\routes\\user.routes.js","statementMap":{"0":{"start":{"line":1,"column":20},"end":{"line":1,"column":45}},"1":{"start":{"line":2,"column":19},"end":{"line":2,"column":60}},"2":{"start":{"line":4,"column":0},"end":{"line":28,"column":2}},"3":{"start":{"line":5,"column":2},"end":{"line":11,"column":5}},"4":{"start":{"line":6,"column":4},"end":{"line":9,"column":6}},"5":{"start":{"line":10,"column":4},"end":{"line":10,"column":11}}},"fnMap":{"0":{"name":"(anonymous_0)","decl":{"start":{"line":4,"column":17},"end":{"line":4,"column":18}},"loc":{"start":{"line":4,"column":31},"end":{"line":28,"column":1}},"line":4},"1":{"name":"(anonymous_1)","decl":{"start":{"line":5,"column":10},"end":{"line":5,"column":11}},"loc":{"start":{"line":5,"column":35},"end":{"line":11,"column":3}},"line":5}},"branchMap":{},"s":{"0":1,"1":1,"2":1,"3":1,"4":14,"5":14},"f":{"0":1,"1":14},"b":{},"_coverageSchema":"1a1c01bbd47fc00a2c39e90264f33305004495a9","hash":"745200332adf64a35d5743d3dab82cf6b6d539d9"}
,"C:\\Users\\aksha\\OneDrive\\Desktop\\cis3500 project\\agile-github-projects-final-project\\server\\tests\\testUtils.js": {"path":"C:\\Users\\aksha\\OneDrive\\Desktop\\cis3500 project\\agile-github-projects-final-project\\server\\tests\\testUtils.js","statementMap":{"0":{"start":{"line":4,"column":17},"end":{"line":9,"column":3}},"1":{"start":{"line":12,"column":2},"end":{"line":14,"column":4}}},"fnMap":{},"branchMap":{},"s":{"0":1,"1":1},"f":{},"b":{},"_coverageSchema":"1a1c01bbd47fc00a2c39e90264f33305004495a9","hash":"048b08c4377c3d7324a75fcc5954a3021f561418"}
}
