TN:
SF:server.js
FN:12,(anonymous_0)
FN:30,(anonymous_1)
FN:40,(anonymous_2)
FNF:3
FNH:2
FNDA:39,(anonymous_0)
FNDA:0,(anonymous_1)
FNDA:1,(anonymous_2)
DA:1,1
DA:2,1
DA:3,1
DA:4,1
DA:6,1
DA:11,1
DA:13,39
DA:14,39
DA:16,0
DA:22,1
DA:23,1
DA:24,1
DA:27,1
DA:30,1
DA:31,0
DA:34,1
DA:35,1
DA:36,1
DA:37,1
DA:39,1
DA:40,1
DA:41,1
DA:44,1
LF:23
LH:21
BRDA:13,0,0,39
BRDA:13,0,1,0
BRDA:13,1,0,39
BRDA:13,1,1,0
BRDA:39,2,0,1
BRDA:39,2,1,1
BRF:6
BRH:4
end_of_record
TN:
SF:app\config\auth.config.js
FNF:0
FNH:0
DA:1,1
LF:1
LH:1
BRF:0
BRH:0
end_of_record
TN:
SF:app\controllers\auth.controller.js
FN:14,(anonymous_0)
FN:23,(anonymous_1)
FN:38,(anonymous_2)
FN:49,(anonymous_3)
FN:55,(anonymous_4)
FN:56,(anonymous_5)
FN:67,(anonymous_6)
FN:77,(anonymous_7)
FN:96,(anonymous_8)
FN:101,(anonymous_9)
FNF:10
FNH:7
FNDA:7,(anonymous_0)
FNDA:7,(anonymous_1)
FNDA:2,(anonymous_2)
FNDA:2,(anonymous_3)
FNDA:0,(anonymous_4)
FNDA:2,(anonymous_5)
FNDA:0,(anonymous_6)
FNDA:0,(anonymous_7)
FNDA:16,(anonymous_8)
FNDA:16,(anonymous_9)
DA:1,1
DA:2,1
DA:3,1
DA:4,1
DA:6,1
DA:7,1
DA:14,1
DA:15,7
DA:16,0
DA:17,0
DA:19,7
DA:24,7
DA:25,0
DA:26,0
DA:29,7
DA:30,5
DA:31,5
DA:33,2
DA:38,2
DA:39,2
DA:40,0
DA:41,0
DA:44,2
DA:45,2
DA:50,2
DA:51,0
DA:52,0
DA:55,2
DA:56,2
DA:57,2
DA:58,0
DA:59,0
DA:62,2
DA:67,0
DA:68,0
DA:69,0
DA:70,0
DA:72,0
DA:73,0
DA:74,0
DA:76,0
DA:77,0
DA:78,0
DA:79,0
DA:80,0
DA:83,0
DA:96,1
DA:97,16
DA:102,16
DA:103,0
DA:104,0
DA:107,16
DA:108,0
DA:110,16
DA:111,1
DA:112,1
DA:115,15
DA:120,15
DA:121,4
DA:127,11
DA:135,11
DA:137,11
DA:139,11
DA:140,1
DA:142,11
LF:65
LH:39
BRDA:15,0,0,0
BRDA:15,0,1,7
BRDA:15,1,0,7
BRDA:15,1,1,7
BRDA:15,1,2,7
BRDA:15,1,3,7
BRDA:24,2,0,0
BRDA:24,2,1,7
BRDA:29,3,0,5
BRDA:29,3,1,2
BRDA:39,4,0,0
BRDA:39,4,1,2
BRDA:44,5,0,2
BRDA:44,5,1,0
BRDA:50,6,0,0
BRDA:50,6,1,2
BRDA:57,7,0,0
BRDA:57,7,1,2
BRDA:68,8,0,0
BRDA:68,8,1,0
BRDA:72,9,0,0
BRDA:72,9,1,0
BRDA:72,10,0,0
BRDA:72,10,1,0
BRDA:72,10,2,0
BRDA:72,10,3,0
BRDA:78,11,0,0
BRDA:78,11,1,0
BRDA:102,12,0,0
BRDA:102,12,1,16
BRDA:107,13,0,0
BRDA:107,13,1,16
BRDA:110,14,0,1
BRDA:110,14,1,15
BRDA:110,15,0,16
BRDA:110,15,1,16
BRDA:110,15,2,16
BRDA:110,15,3,15
BRDA:120,16,0,4
BRDA:120,16,1,11
BRF:40
BRH:22
end_of_record
TN:
SF:app\controllers\bookride.controller.js
FN:13,(anonymous_0)
FN:52,(anonymous_1)
FNF:2
FNH:2
FNDA:3,(anonymous_0)
FNDA:1,(anonymous_1)
DA:1,1
DA:2,1
DA:3,1
DA:4,1
DA:5,1
DA:13,1
DA:14,3
DA:24,1
DA:25,1
DA:28,2
DA:29,1
DA:31,1
DA:32,1
DA:34,0
DA:35,0
DA:37,1
DA:38,1
DA:39,1
DA:41,0
DA:49,1
DA:53,1
DA:54,0
DA:55,0
DA:57,1
DA:58,0
DA:60,1
DA:68,1
DA:69,1
LF:28
LH:22
BRDA:14,0,0,1
BRDA:14,0,1,2
BRDA:14,1,0,3
BRDA:14,1,1,2
BRDA:14,1,2,2
BRDA:14,1,3,2
BRDA:14,1,4,2
BRDA:14,1,5,2
BRDA:14,1,6,2
BRDA:14,1,7,2
BRDA:14,1,8,2
BRDA:14,1,9,2
BRDA:28,2,0,1
BRDA:28,2,1,1
BRDA:28,3,0,2
BRDA:28,3,1,2
BRDA:38,4,0,1
BRDA:38,4,1,0
BRDA:53,5,0,0
BRDA:53,5,1,1
BRDA:57,6,0,0
BRDA:57,6,1,1
BRF:22
BRH:19
end_of_record
TN:
SF:app\controllers\profile.controller.js
FN:13,(anonymous_0)
FN:33,(anonymous_1)
FN:58,(anonymous_2)
FN:84,(anonymous_3)
FN:109,(anonymous_4)
FN:147,(anonymous_5)
FN:169,(anonymous_6)
FN:191,(anonymous_7)
FN:211,(anonymous_8)
FN:230,(anonymous_9)
FNF:10
FNH:8
FNDA:2,(anonymous_0)
FNDA:1,(anonymous_1)
FNDA:3,(anonymous_2)
FNDA:3,(anonymous_3)
FNDA:2,(anonymous_4)
FNDA:2,(anonymous_5)
FNDA:0,(anonymous_6)
FNDA:0,(anonymous_7)
FNDA:6,(anonymous_8)
FNDA:4,(anonymous_9)
DA:1,1
DA:2,1
DA:3,1
DA:4,1
DA:5,1
DA:13,1
DA:15,2
DA:16,2
DA:18,2
DA:19,2
DA:21,1
DA:22,1
DA:24,1
DA:25,0
DA:26,0
DA:28,0
DA:30,1
DA:34,1
DA:35,0
DA:36,0
DA:38,1
DA:39,1
DA:40,0
DA:42,1
DA:58,1
DA:60,3
DA:61,3
DA:63,3
DA:64,3
DA:66,0
DA:67,0
DA:69,3
DA:70,0
DA:71,0
DA:73,0
DA:75,3
DA:78,3
DA:83,3
DA:85,3
DA:86,0
DA:87,0
DA:89,3
DA:90,3
DA:91,0
DA:93,3
DA:109,1
DA:111,2
DA:112,2
DA:114,2
DA:115,2
DA:117,0
DA:118,0
DA:120,2
DA:121,0
DA:122,0
DA:125,0
DA:127,2
DA:129,2
DA:130,1
DA:136,1
DA:146,2
DA:148,2
DA:149,0
DA:150,0
DA:152,2
DA:153,2
DA:154,0
DA:156,2
DA:169,1
DA:171,0
DA:172,0
DA:174,0
DA:175,0
DA:177,0
DA:178,0
DA:180,0
DA:181,0
DA:182,0
DA:184,0
DA:186,0
DA:187,0
DA:190,0
DA:192,0
DA:193,0
DA:194,0
DA:196,0
DA:197,0
DA:198,0
DA:200,0
DA:201,0
DA:211,1
DA:213,6
DA:214,6
DA:216,6
DA:217,6
DA:219,2
DA:220,2
DA:222,4
DA:223,0
DA:224,0
DA:226,0
DA:228,4
DA:229,4
DA:231,4
DA:232,0
DA:234,4
DA:235,4
LF:107
LH:60
BRDA:15,0,0,2
BRDA:15,0,1,0
BRDA:25,1,0,0
BRDA:25,1,1,0
BRDA:34,2,0,0
BRDA:34,2,1,1
BRDA:39,3,0,0
BRDA:39,3,1,1
BRDA:43,4,0,1
BRDA:43,4,1,0
BRDA:44,5,0,1
BRDA:44,5,1,0
BRDA:45,6,0,1
BRDA:45,6,1,1
BRDA:46,7,0,1
BRDA:46,7,1,1
BRDA:60,8,0,3
BRDA:60,8,1,0
BRDA:60,9,0,3
BRDA:60,9,1,3
BRDA:70,10,0,0
BRDA:70,10,1,0
BRDA:85,11,0,0
BRDA:85,11,1,3
BRDA:90,12,0,0
BRDA:90,12,1,3
BRDA:94,13,0,3
BRDA:94,13,1,3
BRDA:95,14,0,3
BRDA:95,14,1,3
BRDA:96,15,0,3
BRDA:96,15,1,3
BRDA:97,16,0,3
BRDA:97,16,1,3
BRDA:98,17,0,3
BRDA:98,17,1,3
BRDA:111,18,0,2
BRDA:111,18,1,0
BRDA:111,19,0,2
BRDA:111,19,1,2
BRDA:121,20,0,0
BRDA:121,20,1,0
BRDA:129,21,0,1
BRDA:129,21,1,1
BRDA:129,22,0,2
BRDA:129,22,1,1
BRDA:131,23,0,1
BRDA:131,23,1,0
BRDA:132,24,0,1
BRDA:132,24,1,0
BRDA:133,25,0,1
BRDA:133,25,1,0
BRDA:137,26,0,1
BRDA:137,26,1,0
BRDA:139,27,0,0
BRDA:139,27,1,1
BRDA:140,28,0,1
BRDA:140,28,1,1
BRDA:148,29,0,0
BRDA:148,29,1,2
BRDA:153,30,0,0
BRDA:153,30,1,2
BRDA:171,31,0,0
BRDA:171,31,1,0
BRDA:171,32,0,0
BRDA:171,32,1,0
BRDA:181,33,0,0
BRDA:181,33,1,0
BRDA:192,34,0,0
BRDA:192,34,1,0
BRDA:196,35,0,0
BRDA:196,35,1,0
BRDA:213,36,0,6
BRDA:213,36,1,0
BRDA:213,37,0,6
BRDA:213,37,1,6
BRDA:223,38,0,0
BRDA:223,38,1,0
BRDA:231,39,0,0
BRDA:231,39,1,4
BRDA:231,40,0,4
BRDA:231,40,1,4
BRF:82
BRH:46
end_of_record
TN:
SF:app\controllers\user.controller.js
FN:6,(anonymous_0)
FN:16,(anonymous_1)
FN:26,(anonymous_2)
FN:36,(anonymous_3)
FNF:4
FNH:0
FNDA:0,(anonymous_0)
FNDA:0,(anonymous_1)
FNDA:0,(anonymous_2)
FNDA:0,(anonymous_3)
DA:6,1
DA:8,0
DA:16,1
DA:18,0
DA:26,1
DA:28,0
DA:36,1
DA:38,0
LF:8
LH:4
BRF:0
BRH:0
end_of_record
TN:
SF:app\middlewares\authJwt.js
FNF:0
FNH:0
DA:1,1
DA:2,1
DA:3,1
DA:4,1
DA:5,1
DA:89,1
DA:92,1
LF:7
LH:7
BRF:0
BRH:0
end_of_record
TN:
SF:app\middlewares\index.js
FNF:0
FNH:0
DA:1,1
DA:2,1
DA:4,1
LF:3
LH:3
BRF:0
BRH:0
end_of_record
TN:
SF:app\middlewares\verifySignUp.js
FNF:0
FNH:0
LF:0
LH:0
BRF:0
BRH:0
end_of_record
TN:
SF:app\models\database.js
FN:8,initial
FN:9,(anonymous_1)
FN:12,(anonymous_2)
FN:13,(anonymous_3)
FN:28,(anonymous_4)
FN:31,(anonymous_5)
FNF:6
FNH:3
FNDA:1,initial
FNDA:1,(anonymous_1)
FNDA:0,(anonymous_2)
FNDA:0,(anonymous_3)
FNDA:1,(anonymous_4)
FNDA:0,(anonymous_5)
DA:1,1
DA:2,1
DA:6,1
DA:9,1
DA:10,1
DA:12,0
DA:13,0
DA:14,0
DA:15,0
DA:17,0
DA:25,1
DA:29,1
DA:30,1
DA:32,0
DA:33,0
DA:36,1
LF:16
LH:9
BRDA:10,0,0,0
BRDA:10,0,1,1
BRDA:10,1,0,1
BRDA:10,1,1,1
BRDA:14,2,0,0
BRDA:14,2,1,0
BRF:6
BRH:3
end_of_record
TN:
SF:app\models\index.js
FNF:0
FNH:0
DA:1,1
DA:2,1
DA:4,1
DA:6,1
DA:8,1
DA:9,1
DA:10,1
DA:12,1
DA:14,1
LF:9
LH:9
BRF:0
BRH:0
end_of_record
TN:
SF:app\models\ridebookings.model.js
FNF:0
FNH:0
DA:1,1
DA:3,1
DA:16,1
LF:3
LH:3
BRF:0
BRH:0
end_of_record
TN:
SF:app\models\role.model.js
FNF:0
FNH:0
DA:1,1
DA:3,1
DA:10,1
LF:3
LH:3
BRF:0
BRH:0
end_of_record
TN:
SF:app\models\user.model.js
FNF:0
FNH:0
DA:1,1
DA:3,1
DA:26,1
LF:3
LH:3
BRF:0
BRH:0
end_of_record
TN:
SF:app\routes\auth.routes.js
FN:9,(anonymous_0)
FN:10,(anonymous_1)
FNF:2
FNH:2
FNDA:1,(anonymous_0)
FNDA:39,(anonymous_1)
DA:1,1
DA:2,1
DA:9,1
DA:10,1
DA:12,39
DA:16,39
DA:20,1
DA:29,1
LF:8
LH:8
BRF:0
BRH:0
end_of_record
TN:
SF:app\routes\booking.routes.js
FN:7,(anonymous_0)
FN:8,(anonymous_1)
FNF:2
FNH:2
FNDA:1,(anonymous_0)
FNDA:3,(anonymous_1)
DA:1,1
DA:7,1
DA:8,1
DA:10,3
DA:14,3
DA:17,1
LF:6
LH:6
BRF:0
BRH:0
end_of_record
TN:
SF:app\routes\profile.routes.js
FN:7,(anonymous_0)
FN:8,(anonymous_1)
FNF:2
FNH:2
FNDA:1,(anonymous_0)
FNDA:16,(anonymous_1)
DA:1,1
DA:7,1
DA:8,1
DA:10,16
DA:14,16
DA:17,1
DA:19,1
DA:21,1
DA:23,1
DA:25,1
LF:10
LH:10
BRF:0
BRH:0
end_of_record
TN:
SF:app\routes\user.routes.js
FN:4,(anonymous_0)
FN:5,(anonymous_1)
FNF:2
FNH:2
FNDA:1,(anonymous_0)
FNDA:16,(anonymous_1)
DA:1,1
DA:2,1
DA:4,1
DA:5,1
DA:6,16
DA:10,16
LF:6
LH:6
BRF:0
BRH:0
end_of_record
TN:
SF:tests\testUtils.js
FNF:0
FNH:0
DA:4,1
DA:12,1
LF:2
LH:2
BRF:0
BRH:0
end_of_record
