TN:
SF:server.js
FN:12,(anonymous_0)
FN:30,(anonymous_1)
FN:40,(anonymous_2)
FNF:3
FNH:2
FNDA:24,(anonymous_0)
FNDA:0,(anonymous_1)
FNDA:1,(anonymous_2)
DA:1,1
DA:2,1
DA:3,1
DA:4,1
DA:6,1
DA:11,1
DA:13,24
DA:14,24
DA:16,0
DA:22,1
DA:23,1
DA:24,1
DA:27,1
DA:30,1
DA:31,0
DA:34,1
DA:35,1
DA:36,1
DA:37,1
DA:39,1
DA:40,1
DA:41,1
DA:44,1
LF:23
LH:21
BRDA:13,0,0,24
BRDA:13,0,1,0
BRDA:13,1,0,24
BRDA:13,1,1,0
BRDA:39,2,0,1
BRDA:39,2,1,1
BRF:6
BRH:4
end_of_record
TN:
SF:app\config\auth.config.js
FNF:0
FNH:0
DA:1,1
LF:1
LH:1
BRF:0
BRH:0
end_of_record
TN:
SF:app\controllers\auth.controller.js
FN:14,(anonymous_0)
FN:23,(anonymous_1)
FN:38,(anonymous_2)
FN:49,(anonymous_3)
FN:55,(anonymous_4)
FN:56,(anonymous_5)
FN:67,(anonymous_6)
FN:77,(anonymous_7)
FN:96,(anonymous_8)
FN:101,(anonymous_9)
FN:156,(anonymous_10)
FN:161,(anonymous_11)
FNF:12
FNH:9
FNDA:6,(anonymous_0)
FNDA:6,(anonymous_1)
FNDA:5,(anonymous_2)
FNDA:4,(anonymous_3)
FNDA:0,(anonymous_4)
FNDA:4,(anonymous_5)
FNDA:1,(anonymous_6)
FNDA:1,(anonymous_7)
FNDA:4,(anonymous_8)
FNDA:4,(anonymous_9)
FNDA:0,(anonymous_10)
FNDA:0,(anonymous_11)
DA:1,1
DA:2,1
DA:3,1
DA:4,1
DA:6,1
DA:7,1
DA:14,1
DA:15,6
DA:16,0
DA:17,0
DA:19,6
DA:24,6
DA:25,0
DA:26,0
DA:29,6
DA:30,1
DA:31,1
DA:33,5
DA:38,5
DA:39,5
DA:40,0
DA:41,0
DA:44,5
DA:45,4
DA:50,4
DA:51,0
DA:52,0
DA:55,4
DA:56,4
DA:57,4
DA:58,0
DA:59,0
DA:62,4
DA:67,1
DA:68,1
DA:69,0
DA:70,0
DA:72,1
DA:73,0
DA:74,0
DA:76,1
DA:77,1
DA:78,1
DA:79,0
DA:80,0
DA:83,1
DA:96,1
DA:97,4
DA:102,4
DA:103,0
DA:104,0
DA:107,4
DA:108,0
DA:110,4
DA:111,1
DA:112,1
DA:115,3
DA:120,3
DA:121,0
DA:127,3
DA:135,3
DA:137,3
DA:139,3
DA:140,0
DA:142,3
DA:156,1
DA:157,0
DA:162,0
DA:163,0
DA:164,0
DA:167,0
DA:168,0
DA:171,0
LF:73
LH:45
BRDA:15,0,0,0
BRDA:15,0,1,6
BRDA:15,1,0,6
BRDA:15,1,1,6
BRDA:15,1,2,6
BRDA:15,1,3,6
BRDA:24,2,0,0
BRDA:24,2,1,6
BRDA:29,3,0,1
BRDA:29,3,1,5
BRDA:39,4,0,0
BRDA:39,4,1,5
BRDA:44,5,0,4
BRDA:44,5,1,1
BRDA:50,6,0,0
BRDA:50,6,1,4
BRDA:57,7,0,0
BRDA:57,7,1,4
BRDA:68,8,0,0
BRDA:68,8,1,1
BRDA:72,9,0,0
BRDA:72,9,1,1
BRDA:72,10,0,1
BRDA:72,10,1,1
BRDA:72,10,2,1
BRDA:72,10,3,1
BRDA:78,11,0,0
BRDA:78,11,1,1
BRDA:102,12,0,0
BRDA:102,12,1,4
BRDA:107,13,0,0
BRDA:107,13,1,4
BRDA:110,14,0,1
BRDA:110,14,1,3
BRDA:110,15,0,4
BRDA:110,15,1,4
BRDA:110,15,2,4
BRDA:110,15,3,3
BRDA:120,16,0,0
BRDA:120,16,1,3
BRDA:162,17,0,0
BRDA:162,17,1,0
BRDA:167,18,0,0
BRDA:167,18,1,0
BRF:44
BRH:29
end_of_record
TN:
SF:app\controllers\bookride.controller.js
FN:6,(anonymous_0)
FN:40,(anonymous_1)
FNF:2
FNH:2
FNDA:3,(anonymous_0)
FNDA:1,(anonymous_1)
DA:1,1
DA:2,1
DA:3,1
DA:4,1
DA:6,1
DA:7,3
DA:17,1
DA:18,1
DA:21,2
DA:22,1
DA:24,1
DA:25,1
DA:27,0
DA:28,0
DA:30,1
DA:31,1
DA:32,1
DA:34,0
DA:37,1
DA:41,1
DA:42,0
DA:43,0
DA:45,1
DA:46,1
DA:47,0
DA:49,1
DA:50,1
LF:27
LH:21
BRDA:7,0,0,1
BRDA:7,0,1,2
BRDA:7,1,0,3
BRDA:7,1,1,2
BRDA:7,1,2,2
BRDA:7,1,3,2
BRDA:7,1,4,2
BRDA:7,1,5,2
BRDA:7,1,6,2
BRDA:7,1,7,2
BRDA:7,1,8,2
BRDA:7,1,9,2
BRDA:21,2,0,1
BRDA:21,2,1,1
BRDA:21,3,0,2
BRDA:21,3,1,2
BRDA:31,4,0,1
BRDA:31,4,1,0
BRDA:41,5,0,0
BRDA:41,5,1,1
BRDA:46,6,0,0
BRDA:46,6,1,1
BRF:22
BRH:19
end_of_record
TN:
SF:app\controllers\profile.controller.js
FN:4,(anonymous_0)
FN:12,(anonymous_1)
FN:32,(anonymous_2)
FN:44,(anonymous_3)
FN:63,(anonymous_4)
FN:73,(anonymous_5)
FN:87,(anonymous_6)
FN:96,(anonymous_7)
FNF:8
FNH:8
FNDA:2,(anonymous_0)
FNDA:2,(anonymous_1)
FNDA:3,(anonymous_2)
FNDA:3,(anonymous_3)
FNDA:1,(anonymous_4)
FNDA:1,(anonymous_5)
FNDA:5,(anonymous_6)
FNDA:5,(anonymous_7)
DA:1,1
DA:2,1
DA:4,1
DA:5,2
DA:6,0
DA:7,0
DA:9,2
DA:13,2
DA:14,0
DA:15,0
DA:17,2
DA:18,2
DA:19,1
DA:21,1
DA:32,1
DA:33,3
DA:34,3
DA:35,0
DA:36,0
DA:38,3
DA:43,3
DA:45,3
DA:46,0
DA:47,0
DA:49,3
DA:50,3
DA:51,0
DA:53,3
DA:63,1
DA:64,1
DA:65,0
DA:66,0
DA:68,1
DA:69,1
DA:72,1
DA:74,1
DA:75,0
DA:76,0
DA:78,1
DA:79,0
DA:80,0
DA:82,1
DA:83,1
DA:87,1
DA:89,5
DA:90,5
DA:91,0
DA:92,0
DA:94,5
DA:95,5
DA:97,5
DA:98,0
DA:100,5
DA:101,5
LF:54
LH:36
BRDA:5,0,0,0
BRDA:5,0,1,2
BRDA:5,1,0,2
BRDA:5,1,1,2
BRDA:5,1,2,2
BRDA:13,2,0,0
BRDA:13,2,1,2
BRDA:18,3,0,1
BRDA:18,3,1,1
BRDA:22,4,0,1
BRDA:22,4,1,1
BRDA:23,5,0,1
BRDA:23,5,1,1
BRDA:24,6,0,1
BRDA:24,6,1,1
BRDA:25,7,0,1
BRDA:25,7,1,1
BRDA:26,8,0,1
BRDA:26,8,1,1
BRDA:34,9,0,0
BRDA:34,9,1,3
BRDA:34,10,0,3
BRDA:34,10,1,3
BRDA:34,10,2,3
BRDA:45,11,0,0
BRDA:45,11,1,3
BRDA:50,12,0,0
BRDA:50,12,1,3
BRDA:54,13,0,3
BRDA:54,13,1,3
BRDA:55,14,0,3
BRDA:55,14,1,3
BRDA:56,15,0,3
BRDA:56,15,1,3
BRDA:57,16,0,3
BRDA:57,16,1,3
BRDA:58,17,0,3
BRDA:58,17,1,3
BRDA:64,18,0,0
BRDA:64,18,1,1
BRDA:64,19,0,1
BRDA:64,19,1,1
BRDA:64,19,2,1
BRDA:74,20,0,0
BRDA:74,20,1,1
BRDA:78,21,0,0
BRDA:78,21,1,1
BRDA:90,22,0,0
BRDA:90,22,1,5
BRDA:90,23,0,5
BRDA:90,23,1,5
BRDA:90,23,2,5
BRDA:97,24,0,0
BRDA:97,24,1,5
BRDA:97,25,0,5
BRDA:97,25,1,5
BRF:56
BRH:46
end_of_record
TN:
SF:app\controllers\user.controller.js
FN:6,(anonymous_0)
FN:16,(anonymous_1)
FN:26,(anonymous_2)
FN:36,(anonymous_3)
FNF:4
FNH:0
FNDA:0,(anonymous_0)
FNDA:0,(anonymous_1)
FNDA:0,(anonymous_2)
FNDA:0,(anonymous_3)
DA:6,1
DA:8,0
DA:16,1
DA:18,0
DA:26,1
DA:28,0
DA:36,1
DA:38,0
LF:8
LH:4
BRF:0
BRH:0
end_of_record
TN:
SF:app\middlewares\authJwt.js
FNF:0
FNH:0
DA:1,1
DA:2,1
DA:3,1
DA:4,1
DA:5,1
DA:89,1
DA:92,1
LF:7
LH:7
BRF:0
BRH:0
end_of_record
TN:
SF:app\middlewares\index.js
FNF:0
FNH:0
DA:1,1
DA:2,1
DA:4,1
LF:3
LH:3
BRF:0
BRH:0
end_of_record
TN:
SF:app\middlewares\verifySignUp.js
FNF:0
FNH:0
LF:0
LH:0
BRF:0
BRH:0
end_of_record
TN:
SF:app\models\database.js
FN:8,initial
FN:9,(anonymous_1)
FN:12,(anonymous_2)
FN:13,(anonymous_3)
FN:28,(anonymous_4)
FN:31,(anonymous_5)
FNF:6
FNH:3
FNDA:1,initial
FNDA:1,(anonymous_1)
FNDA:0,(anonymous_2)
FNDA:0,(anonymous_3)
FNDA:1,(anonymous_4)
FNDA:0,(anonymous_5)
DA:1,1
DA:2,1
DA:6,1
DA:9,1
DA:10,1
DA:12,0
DA:13,0
DA:14,0
DA:15,0
DA:17,0
DA:25,1
DA:29,1
DA:30,1
DA:32,0
DA:33,0
DA:36,1
LF:16
LH:9
BRDA:10,0,0,0
BRDA:10,0,1,1
BRDA:10,1,0,1
BRDA:10,1,1,1
BRDA:14,2,0,0
BRDA:14,2,1,0
BRF:6
BRH:3
end_of_record
TN:
SF:app\models\index.js
FNF:0
FNH:0
DA:1,1
DA:2,1
DA:4,1
DA:6,1
DA:8,1
DA:9,1
DA:11,1
DA:13,1
LF:8
LH:8
BRF:0
BRH:0
end_of_record
TN:
SF:app\models\role.model.js
FNF:0
FNH:0
DA:1,1
DA:3,1
DA:10,1
LF:3
LH:3
BRF:0
BRH:0
end_of_record
TN:
SF:app\models\user.model.js
FNF:0
FNH:0
DA:1,1
DA:3,1
DA:23,1
LF:3
LH:3
BRF:0
BRH:0
end_of_record
TN:
SF:app\routes\auth.routes.js
FN:9,(anonymous_0)
FN:10,(anonymous_1)
FNF:2
FNH:2
FNDA:1,(anonymous_0)
FNDA:24,(anonymous_1)
DA:1,1
DA:2,1
DA:9,1
DA:10,1
DA:12,24
DA:16,24
DA:20,1
DA:29,1
DA:31,1
LF:9
LH:9
BRF:0
BRH:0
end_of_record
TN:
SF:app\routes\booking.routes.js
FN:7,(anonymous_0)
FN:8,(anonymous_1)
FNF:2
FNH:2
FNDA:1,(anonymous_0)
FNDA:3,(anonymous_1)
DA:1,1
DA:7,1
DA:8,1
DA:10,3
DA:14,3
DA:17,1
LF:6
LH:6
BRF:0
BRH:0
end_of_record
TN:
SF:app\routes\profile.routes.js
FN:8,(anonymous_0)
FN:9,(anonymous_1)
FNF:2
FNH:2
FNDA:1,(anonymous_0)
FNDA:14,(anonymous_1)
DA:1,1
DA:2,1
DA:8,1
DA:9,1
DA:11,14
DA:15,14
DA:18,1
DA:20,1
DA:22,1
DA:24,1
LF:10
LH:10
BRF:0
BRH:0
end_of_record
TN:
SF:app\routes\user.routes.js
FN:4,(anonymous_0)
FN:5,(anonymous_1)
FNF:2
FNH:2
FNDA:1,(anonymous_0)
FNDA:14,(anonymous_1)
DA:1,1
DA:2,1
DA:4,1
DA:5,1
DA:6,14
DA:10,14
LF:6
LH:6
BRF:0
BRH:0
end_of_record
TN:
SF:tests\testUtils.js
FNF:0
FNH:0
DA:4,1
DA:12,1
LF:2
LH:2
BRF:0
BRH:0
end_of_record
