TN:
SF:server.js
FN:15,(anonymous_0)
FN:40,(anonymous_1)
FN:44,(anonymous_2)
FN:50,(anonymous_3)
FN:61,(anonymous_4)
FN:65,initial
FN:66,(anonymous_6)
FN:70,(anonymous_7)
FN:80,(anonymous_8)
FN:90,(anonymous_9)
FNF:10
FNH:5
FNDA:14,(anonymous_0)
FNDA:1,(anonymous_1)
FNDA:0,(anonymous_2)
FNDA:1,(anonymous_3)
FNDA:0,(anonymous_4)
FNDA:1,initial
FNDA:1,(anonymous_6)
FNDA:0,(anonymous_7)
FNDA:0,(anonymous_8)
FNDA:0,(anonymous_9)
DA:1,1
DA:2,1
DA:3,1
DA:4,1
DA:6,1
DA:8,1
DA:14,1
DA:15,1
DA:16,14
DA:17,14
DA:18,14
DA:19,14
DA:21,1
DA:23,1
DA:26,1
DA:28,1
DA:32,1
DA:33,1
DA:35,1
DA:41,1
DA:42,1
DA:45,0
DA:46,0
DA:50,1
DA:51,1
DA:55,1
DA:56,1
DA:57,1
DA:60,1
DA:61,1
DA:62,0
DA:66,1
DA:67,1
DA:68,0
DA:71,0
DA:72,0
DA:75,0
DA:78,0
DA:81,0
DA:82,0
DA:85,0
DA:88,0
DA:91,0
DA:92,0
DA:95,0
DA:101,1
LF:46
LH:31
BRDA:60,0,0,1
BRDA:60,0,1,1
BRDA:67,1,0,0
BRDA:67,1,1,1
BRDA:67,2,0,1
BRDA:67,2,1,1
BRDA:71,3,0,0
BRDA:71,3,1,0
BRDA:81,4,0,0
BRDA:81,4,1,0
BRDA:91,5,0,0
BRDA:91,5,1,0
BRF:12
BRH:5
end_of_record
TN:
SF:server\app\config\auth.config.js
FNF:0
FNH:0
DA:1,1
LF:1
LH:1
BRF:0
BRH:0
end_of_record
TN:
SF:server\app\config\db.config.js
FNF:0
FNH:0
DA:1,1
LF:1
LH:1
BRF:0
BRH:0
end_of_record
TN:
SF:server\app\controllers\auth.controller.js
FN:14,(anonymous_0)
FN:23,(anonymous_1)
FN:38,(anonymous_2)
FN:49,(anonymous_3)
FN:55,(anonymous_4)
FN:56,(anonymous_5)
FN:67,(anonymous_6)
FN:77,(anonymous_7)
FN:96,(anonymous_8)
FN:101,(anonymous_9)
FN:156,(anonymous_10)
FN:161,(anonymous_11)
FNF:12
FNH:9
FNDA:4,(anonymous_0)
FNDA:4,(anonymous_1)
FNDA:3,(anonymous_2)
FNDA:2,(anonymous_3)
FNDA:0,(anonymous_4)
FNDA:2,(anonymous_5)
FNDA:1,(anonymous_6)
FNDA:1,(anonymous_7)
FNDA:3,(anonymous_8)
FNDA:3,(anonymous_9)
FNDA:0,(anonymous_10)
FNDA:0,(anonymous_11)
DA:1,1
DA:2,1
DA:3,1
DA:4,1
DA:6,1
DA:7,1
DA:14,1
DA:15,4
DA:16,0
DA:17,0
DA:19,4
DA:24,4
DA:25,0
DA:26,0
DA:29,4
DA:30,1
DA:31,1
DA:33,3
DA:38,3
DA:39,3
DA:40,0
DA:41,0
DA:44,3
DA:45,2
DA:50,2
DA:51,0
DA:52,0
DA:55,2
DA:56,2
DA:57,2
DA:58,0
DA:59,0
DA:62,2
DA:67,1
DA:68,1
DA:69,0
DA:70,0
DA:72,1
DA:73,0
DA:74,0
DA:76,1
DA:77,1
DA:78,1
DA:79,0
DA:80,0
DA:83,1
DA:96,1
DA:97,3
DA:102,3
DA:103,0
DA:104,0
DA:107,3
DA:108,0
DA:110,3
DA:111,1
DA:112,1
DA:115,2
DA:120,2
DA:121,0
DA:127,2
DA:135,2
DA:137,2
DA:139,2
DA:140,0
DA:142,2
DA:156,1
DA:157,0
DA:162,0
DA:163,0
DA:164,0
DA:167,0
DA:168,0
DA:171,0
LF:73
LH:45
BRDA:15,0,0,0
BRDA:15,0,1,4
BRDA:15,1,0,4
BRDA:15,1,1,4
BRDA:15,1,2,4
BRDA:15,1,3,4
BRDA:24,2,0,0
BRDA:24,2,1,4
BRDA:29,3,0,1
BRDA:29,3,1,3
BRDA:39,4,0,0
BRDA:39,4,1,3
BRDA:44,5,0,2
BRDA:44,5,1,1
BRDA:50,6,0,0
BRDA:50,6,1,2
BRDA:57,7,0,0
BRDA:57,7,1,2
BRDA:68,8,0,0
BRDA:68,8,1,1
BRDA:72,9,0,0
BRDA:72,9,1,1
BRDA:72,10,0,1
BRDA:72,10,1,1
BRDA:72,10,2,1
BRDA:72,10,3,1
BRDA:78,11,0,0
BRDA:78,11,1,1
BRDA:102,12,0,0
BRDA:102,12,1,3
BRDA:107,13,0,0
BRDA:107,13,1,3
BRDA:110,14,0,1
BRDA:110,14,1,2
BRDA:110,15,0,3
BRDA:110,15,1,3
BRDA:110,15,2,3
BRDA:110,15,3,2
BRDA:120,16,0,0
BRDA:120,16,1,2
BRDA:162,17,0,0
BRDA:162,17,1,0
BRDA:167,18,0,0
BRDA:167,18,1,0
BRF:44
BRH:29
end_of_record
TN:
SF:server\app\controllers\profile.controller.js
FN:4,(anonymous_0)
FN:12,(anonymous_1)
FN:32,(anonymous_2)
FN:44,(anonymous_3)
FN:63,(anonymous_4)
FN:73,(anonymous_5)
FN:87,(anonymous_6)
FN:96,(anonymous_7)
FNF:8
FNH:6
FNDA:2,(anonymous_0)
FNDA:2,(anonymous_1)
FNDA:0,(anonymous_2)
FNDA:0,(anonymous_3)
FNDA:1,(anonymous_4)
FNDA:1,(anonymous_5)
FNDA:3,(anonymous_6)
FNDA:3,(anonymous_7)
DA:1,1
DA:2,1
DA:4,1
DA:5,2
DA:6,0
DA:7,0
DA:9,2
DA:13,2
DA:14,0
DA:15,0
DA:17,2
DA:18,2
DA:19,1
DA:21,1
DA:32,1
DA:33,0
DA:34,0
DA:35,0
DA:36,0
DA:38,0
DA:43,0
DA:45,0
DA:46,0
DA:47,0
DA:49,0
DA:50,0
DA:51,0
DA:53,0
DA:63,1
DA:64,1
DA:65,0
DA:66,0
DA:68,1
DA:69,1
DA:72,1
DA:74,1
DA:75,0
DA:76,0
DA:78,1
DA:79,0
DA:80,0
DA:82,1
DA:83,1
DA:87,1
DA:89,3
DA:90,3
DA:91,0
DA:92,0
DA:94,3
DA:95,3
DA:97,3
DA:98,0
DA:100,3
DA:101,3
LF:54
LH:28
BRDA:5,0,0,0
BRDA:5,0,1,2
BRDA:5,1,0,2
BRDA:5,1,1,2
BRDA:5,1,2,2
BRDA:13,2,0,0
BRDA:13,2,1,2
BRDA:18,3,0,1
BRDA:18,3,1,1
BRDA:22,4,0,1
BRDA:22,4,1,1
BRDA:23,5,0,1
BRDA:23,5,1,1
BRDA:24,6,0,1
BRDA:24,6,1,1
BRDA:25,7,0,1
BRDA:25,7,1,1
BRDA:26,8,0,1
BRDA:26,8,1,1
BRDA:34,9,0,0
BRDA:34,9,1,0
BRDA:34,10,0,0
BRDA:34,10,1,0
BRDA:34,10,2,0
BRDA:45,11,0,0
BRDA:45,11,1,0
BRDA:50,12,0,0
BRDA:50,12,1,0
BRDA:54,13,0,0
BRDA:54,13,1,0
BRDA:55,14,0,0
BRDA:55,14,1,0
BRDA:56,15,0,0
BRDA:56,15,1,0
BRDA:57,16,0,0
BRDA:57,16,1,0
BRDA:58,17,0,0
BRDA:58,17,1,0
BRDA:64,18,0,0
BRDA:64,18,1,1
BRDA:64,19,0,1
BRDA:64,19,1,1
BRDA:64,19,2,1
BRDA:74,20,0,0
BRDA:74,20,1,1
BRDA:78,21,0,0
BRDA:78,21,1,1
BRDA:90,22,0,0
BRDA:90,22,1,3
BRDA:90,23,0,3
BRDA:90,23,1,3
BRDA:90,23,2,3
BRDA:97,24,0,0
BRDA:97,24,1,3
BRF:54
BRH:28
end_of_record
TN:
SF:server\app\controllers\user.controller.js
FN:6,(anonymous_0)
FN:16,(anonymous_1)
FN:26,(anonymous_2)
FN:36,(anonymous_3)
FNF:4
FNH:0
FNDA:0,(anonymous_0)
FNDA:0,(anonymous_1)
FNDA:0,(anonymous_2)
FNDA:0,(anonymous_3)
DA:6,1
DA:8,0
DA:16,1
DA:18,0
DA:26,1
DA:28,0
DA:36,1
DA:38,0
LF:8
LH:4
BRF:0
BRH:0
end_of_record
TN:
SF:server\app\middlewares\authJwt.js
FNF:0
FNH:0
DA:1,1
DA:2,1
DA:3,1
DA:4,1
DA:5,1
DA:89,1
DA:92,1
LF:7
LH:7
BRF:0
BRH:0
end_of_record
TN:
SF:server\app\middlewares\index.js
FNF:0
FNH:0
DA:1,1
DA:2,1
DA:4,1
LF:3
LH:3
BRF:0
BRH:0
end_of_record
TN:
SF:server\app\middlewares\verifySignUp.js
FNF:0
FNH:0
LF:0
LH:0
BRF:0
BRH:0
end_of_record
TN:
SF:server\app\models\index.js
FNF:0
FNH:0
DA:1,1
DA:2,1
DA:4,1
DA:6,1
DA:8,1
DA:9,1
DA:11,1
DA:13,1
LF:8
LH:8
BRF:0
BRH:0
end_of_record
TN:
SF:server\app\models\role.model.js
FNF:0
FNH:0
DA:1,1
DA:3,1
DA:10,1
LF:3
LH:3
BRF:0
BRH:0
end_of_record
TN:
SF:server\app\models\user.model.js
FNF:0
FNH:0
DA:1,1
DA:3,1
DA:23,1
LF:3
LH:3
BRF:0
BRH:0
end_of_record
TN:
SF:server\app\routes\auth.routes.js
FN:9,(anonymous_0)
FN:10,(anonymous_1)
FNF:2
FNH:2
FNDA:1,(anonymous_0)
FNDA:13,(anonymous_1)
DA:1,1
DA:2,1
DA:9,1
DA:10,1
DA:12,13
DA:16,13
DA:20,1
DA:29,1
DA:31,1
LF:9
LH:9
BRF:0
BRH:0
end_of_record
TN:
SF:server\app\routes\profile.routes.js
FN:8,(anonymous_0)
FN:9,(anonymous_1)
FNF:2
FNH:2
FNDA:1,(anonymous_0)
FNDA:6,(anonymous_1)
DA:1,1
DA:2,1
DA:8,1
DA:9,1
DA:11,6
DA:15,6
DA:18,1
DA:20,1
DA:23,1
DA:25,1
LF:10
LH:10
BRF:0
BRH:0
end_of_record
TN:
SF:server\app\routes\user.routes.js
FN:4,(anonymous_0)
FN:5,(anonymous_1)
FNF:2
FNH:2
FNDA:1,(anonymous_0)
FNDA:6,(anonymous_1)
DA:1,1
DA:2,1
DA:4,1
DA:5,1
DA:6,6
DA:10,6
LF:6
LH:6
BRF:0
BRH:0
end_of_record
TN:
SF:server\tests\testUtils.js
FNF:0
FNH:0
DA:4,1
DA:12,1
LF:2
LH:2
BRF:0
BRH:0
end_of_record
